
[22:21:24.891]ÊÕ¡û¡ô------  combo_mcu_basic_example  ------

[22:21:25.009]ÊÕ¡û¡ô------  combo_mcu_basic_example  ------

[22:21:25.075]ÊÕ¡û¡ô------  combo_mcu_basic_example 
[22:21:25.080]ÊÕ¡û¡ô ------

[22:21:25.571]ÊÕ¡û¡ôTCP/IP initialized.
LAMP INIT TEST LN882H SDK Ver: 2.1_rc1 [build time:Oct 23 2024 21:41:33][0x02010001]
LAMP INIT OK
 LAMP INIT OK GPIOB  STATUS:0
key init ok

[22:21:25.584]ÊÕ¡û¡ôget IO STATUS 0
get IO STATUS 0

[22:21:25.604]ÊÕ¡û¡ôget IO STATUS 0

[22:21:25.614]ÊÕ¡û¡ôget IO STATUS 0
get IO STATUS 0

[22:21:25.633]ÊÕ¡û¡ôget IO STATUS 0

[22:21:25.643]ÊÕ¡û¡ôget IO STATUS 0
get IO STATUS 0

[22:21:25.665]ÊÕ¡û¡ôget IO STATUS 0
get IO STATUS 0

[22:21:25.684]ÊÕ¡û¡ôget IO STATUS 0

[22:21:25.695]ÊÕ¡û¡ôget IO STATUS 0
get IO STATUS 0

[22:21:25.714]ÊÕ¡û¡ôget IO STATUS 0

[22:21:25.723]ÊÕ¡û¡ôget IO STATUS 0
get IO STATUS 0

[22:21:25.744]ÊÕ¡û¡ôget IO STATUS 0

[22:21:25.752]ÊÕ¡û¡ôget IO STATUS 0
get IO STATUS 0

[22:21:25.774]ÊÕ¡û¡ôget IO STATUS 0

[22:21:25.785]ÊÕ¡û¡ôget IO STATUS 0
get IO STATUS 0

[22:21:25.804]ÊÕ¡û¡ôget IO STATUS 0
get IO STATUS 0

[22:21:25.824]ÊÕ¡û¡ôget IO STATUS 0

[22:21:25.835]ÊÕ¡û¡ôget IO STATUS 0
get IO STATUS 0

[22:21:25.854]ÊÕ¡û¡ôget IO STATUS 0

[22:21:25.865]ÊÕ¡û¡ôget IO STATUS 0
get IO STATUS 0

[22:21:25.883]ÊÕ¡û¡ôget IO STATUS 0

[22:21:25.894]ÊÕ¡û¡ôget IO STATUS 0
get IO STATUS 0

[22:21:25.915]ÊÕ¡û¡ôget IO STATUS 0
get IO STATUS 0

[22:21:25.933]ÊÕ¡û¡ôget IO STATUS 0

[22:21:25.944]ÊÕ¡û¡ôget IO STATUS 0

[22:21:25.955]ÊÕ¡û¡ôget IO STATUS 0
get IO STATUS 0

[22:21:25.974]ÊÕ¡û¡ôget IO STATUS 0
get IO STATUS 0

[22:21:25.994]ÊÕ¡û¡ôget IO STATUS 0

[22:21:26.005]ÊÕ¡û¡ôget IO STATUS 0
get IO STATUS 0

[22:21:26.024]ÊÕ¡û¡ôget IO STATUS 0

[22:21:26.034]ÊÕ¡û¡ôget IO STATUS 0
get IO STATUS 0

[22:21:26.053]ÊÕ¡û¡ôget IO STATUS 0
get IO STATUS 0

[22:21:26.074]ÊÕ¡û¡ôget IO STATUS 0

[22:21:26.085]ÊÕ¡û¡ôget IO STATUS 0
get IO STATUS 0

[22:21:26.103]ÊÕ¡û¡ôget IO STATUS 0

[22:21:26.113]ÊÕ¡û¡ôget IO STATUS 0
get IO STATUS 0

[22:21:26.134]ÊÕ¡û¡ôget IO STATUS 0

[22:21:26.145]ÊÕ¡û¡ôget IO STATUS 0
get IO STATUS 0

[22:21:26.163]ÊÕ¡û¡ôget IO STATUS 0

[22:21:26.174]ÊÕ¡û¡ôget IO STATUS 0
get IO STATUS 0

[22:21:26.195]ÊÕ¡û¡ôget IO STATUS 0
get IO STATUS 0

[22:21:26.214]ÊÕ¡û¡ôget IO STATUS 0

[22:21:26.224]ÊÕ¡û¡ôget IO STATUS 0
get IO STATUS 0

[22:21:26.244]ÊÕ¡û¡ôget IO STATUS 0

[22:21:26.255]ÊÕ¡û¡ôget IO STATUS 0
get IO STATUS 0

[22:21:26.273]ÊÕ¡û¡ôget IO STATUS 0

[22:21:26.283]ÊÕ¡û¡ôget IO STATUS 0
get IO STATUS 0

[22:21:26.303]ÊÕ¡û¡ôget IO STATUS 0
get IO STATUS 0

[22:21:26.325]ÊÕ¡û¡ôget IO STATUS 0

[22:21:26.333]ÊÕ¡û¡ôget IO STATUS 0
get IO STATUS 0

[22:21:26.354]ÊÕ¡û¡ôget IO STATUS 0

[22:21:26.364]ÊÕ¡û¡ôget IO STATUS 0
get IO STATUS 0

[22:21:26.383]ÊÕ¡û¡ôget IO STATUS 0

[22:21:26.394]ÊÕ¡û¡ôget IO STATUS 0
get IO STATUS 0

[22:21:26.413]ÊÕ¡û¡ôget IO STATUS 0
get IO STATUS 0

[22:21:26.433]ÊÕ¡û¡ôget IO STATUS 0

[22:21:26.444]ÊÕ¡û¡ôget IO STATUS 0

[22:21:26.455]ÊÕ¡û¡ôget IO STATUS 0
get IO STATUS 0

[22:21:26.474]ÊÕ¡û¡ôget IO STATUS 0
get IO STATUS 0

[22:21:26.493]ÊÕ¡û¡ôget IO STATUS 0

[22:21:26.504]ÊÕ¡û¡ôget IO STATUS 0
get IO STATUS 0

[22:21:26.523]ÊÕ¡û¡ôget IO STATUS 0

[22:21:26.534]ÊÕ¡û¡ôget IO STATUS 0
get IO STATUS 0

[22:21:26.553]ÊÕ¡û¡ôget IO STATUS 0
get IO STATUS 0

[22:21:26.575]ÊÕ¡û¡ôget IO STATUS 0

[22:21:26.583]ÊÕ¡û¡ôget IO STATUS 0
get IO STATUS 0

[22:21:26.603]ÊÕ¡û¡ôget IO STATUS 0

[22:21:26.613]ÊÕ¡û¡ôget IO STATUS 0
get IO STATUS 0

[22:21:26.633]ÊÕ¡û¡ôget IO STATUS 0

[22:21:26.644]ÊÕ¡û¡ôget IO STATUS 0
get IO STATUS 0

[22:21:26.663]ÊÕ¡û¡ôget IO STATUS 0

[22:21:26.688]ÊÕ¡û¡ô------  combo_mcu_basic_example  ------

[22:21:27.548]ÊÕ¡û¡ô------  combo_mcu_basic_example  ------

[22:21:27.571]ÊÕ¡û¡ô------  combo_mcu_basic_example  ------

[22:21:28.067]ÊÕ¡û¡ôTCP/IP initialized.
LAMP INIT TEST LN882H SDK Ver: 2.1_rc1 [build time:Oct 23 2024 21:41:33][0x02010001]
LAMP INIT OK
 LAMP INIT OK GPIOB  STATUS:0
key init ok

[22:21:28.080]ÊÕ¡û¡ôget IO STATUS 0
get IO STATUS 0

[22:21:28.099]ÊÕ¡û¡ôget IO STATUS 0
get IO STATUS 0

[22:21:28.121]ÊÕ¡û¡ôget IO STATUS 0

[22:21:28.129]ÊÕ¡û¡ôget IO STATUS 0
get IO STATUS 0

[22:21:28.151]ÊÕ¡û¡ôget IO STATUS 0

[22:21:28.160]ÊÕ¡û¡ôget IO STATUS 0
get IO STATUS 0

[22:21:28.179]ÊÕ¡û¡ôget IO STATUS 0

[22:21:28.189]ÊÕ¡û¡ôget IO STATUS 0
get IO STATUS 0

[22:21:28.211]ÊÕ¡û¡ôget IO STATUS 0
get IO STATUS 0

[22:21:28.231]ÊÕ¡û¡ôget IO STATUS 0

[22:21:28.239]ÊÕ¡û¡ôget IO STATUS 0
get IO STATUS 0

[22:21:28.261]ÊÕ¡û¡ôget IO STATUS 0

[22:21:28.269]ÊÕ¡û¡ôget IO STATUS 0
get IO STATUS 0

[22:21:28.289]ÊÕ¡û¡ôget IO STATUS 0

[22:21:28.300]ÊÕ¡û¡ôget IO STATUS 0
get IO STATUS 0

[22:21:28.319]ÊÕ¡û¡ôget IO STATUS 0

[22:21:28.330]ÊÕ¡û¡ôget IO STATUS 0
get IO STATUS 0

[22:21:28.349]ÊÕ¡û¡ôget IO STATUS 0
get IO STATUS 0

[22:21:28.371]ÊÕ¡û¡ôget IO STATUS 0

[22:21:28.379]ÊÕ¡û¡ôget IO STATUS 0
get IO STATUS 0

[22:21:28.400]ÊÕ¡û¡ôget IO STATUS 0

[22:21:28.411]ÊÕ¡û¡ôget IO STATUS 0
get IO STATUS 0

[22:21:28.429]ÊÕ¡û¡ôget IO STATUS 0

[22:21:28.439]ÊÕ¡û¡ôget IO STATUS 0
get IO STATUS 0

[22:21:28.461]ÊÕ¡û¡ôget IO STATUS 0

[22:21:28.471]ÊÕ¡û¡ôget IO STATUS 0
get IO STATUS 0

[22:21:28.490]ÊÕ¡û¡ôget IO STATUS 0
get IO STATUS 0

[22:21:28.509]ÊÕ¡û¡ôget IO STATUS 0

[22:21:28.519]ÊÕ¡û¡ôget IO STATUS 0
get IO STATUS 0

[22:21:28.539]ÊÕ¡û¡ôget IO STATUS 0

[22:21:28.549]ÊÕ¡û¡ôget IO STATUS 0
get IO STATUS 0

[22:21:28.570]ÊÕ¡û¡ôget IO STATUS 0

[22:21:28.581]ÊÕ¡û¡ôget IO STATUS 0
get IO STATUS 0

[22:21:28.600]ÊÕ¡û¡ôget IO STATUS 0

[22:21:28.611]ÊÕ¡û¡ôget IO STATUS 0
get IO STATUS 0

[22:21:28.631]ÊÕ¡û¡ôget IO STATUS 0
get IO STATUS 0

[22:21:28.649]ÊÕ¡û¡ôget IO STATUS 0

[22:21:28.660]ÊÕ¡û¡ôget IO STATUS 0
get IO STATUS 0

[22:21:28.679]ÊÕ¡û¡ôget IO STATUS 0

[22:21:28.690]ÊÕ¡û¡ôget IO STATUS 0
get IO STATUS 0

[22:21:28.710]ÊÕ¡û¡ôget IO STATUS 0

[22:21:28.721]ÊÕ¡û¡ôget IO STATUS 0
get IO STATUS 0

[22:21:28.740]ÊÕ¡û¡ôget IO STATUS 0
get IO STATUS 0

[22:21:28.759]ÊÕ¡û¡ôget IO STATUS 0

[22:21:28.769]ÊÕ¡û¡ôget IO STATUS 0
get IO STATUS 0

[22:21:28.789]ÊÕ¡û¡ôget IO STATUS 0

[22:21:28.799]ÊÕ¡û¡ôget IO STATUS 0
get IO STATUS 0

[22:21:28.821]ÊÕ¡û¡ôget IO STATUS 0
get IO STATUS 0

[22:21:28.840]ÊÕ¡û¡ôget IO STATUS 0

[22:21:28.851]ÊÕ¡û¡ôget IO STATUS 0
get IO STATUS 0

[22:21:28.869]ÊÕ¡û¡ôget IO STATUS 0

[22:21:28.880]ÊÕ¡û¡ôget IO STATUS 0
get IO STATUS 0

[22:21:28.899]ÊÕ¡û¡ôget IO STATUS 0

[22:21:28.910]ÊÕ¡û¡ôget IO STATUS 0
get IO STATUS 0

[22:21:28.929]ÊÕ¡û¡ôget IO STATUS 0
get IO STATUS 0

[22:21:28.949]ÊÕ¡û¡ôget IO STATUS 0

[22:21:28.960]ÊÕ¡û¡ôget IO STATUS 0

[22:21:28.971]ÊÕ¡û¡ôget IO STATUS 0
get IO STATUS 0

[22:21:28.990]ÊÕ¡û¡ôget IO STATUS 0
get IO STATUS 0

[22:21:29.009]ÊÕ¡û¡ôget IO STATUS 0

[22:21:29.019]ÊÕ¡û¡ôget IO STATUS 0
get IO STATUS 0

[22:21:29.039]ÊÕ¡û¡ôget IO STATUS 0

[22:21:29.050]ÊÕ¡û¡ôget IO STATUS 0
get IO STATUS 0

[22:21:29.069]ÊÕ¡û¡ôget IO STATUS 0

[22:21:29.080]ÊÕ¡û¡ôget IO STATUS 0
get IO STATUS 0

[22:21:29.099]ÊÕ¡û¡ôget IO STATUS 0
get IO STATUS 0

[22:21:29.121]ÊÕ¡û¡ôget IO STATUS 0

[22:21:29.129]ÊÕ¡û¡ôget IO STATUS 0
get IO STATUS 0

[22:21:29.150]ÊÕ¡û¡ôget IO STATUS 0

[22:21:29.161]ÊÕ¡û¡ôget IO STATUS 0
get IO STATUS 0

[22:21:29.180]ÊÕ¡û¡ôget IO STATUS 0

[22:21:29.191]ÊÕ¡û¡ôget IO STATUS 0
get IO STATUS 0

[22:21:29.210]ÊÕ¡û¡ôget IO STATUS 0
get IO STATUS 0

[22:21:29.231]ÊÕ¡û¡ôget IO STATUS 0

[22:21:29.238]ÊÕ¡û¡ôget IO STATUS 0
get IO STATUS 0

[22:21:29.260]ÊÕ¡û¡ôget IO STATUS 0

[22:21:29.269]ÊÕ¡û¡ôget IO STATUS 0
get IO STATUS 0

[22:21:29.289]ÊÕ¡û¡ôget IO STATUS 0

[22:21:29.299]ÊÕ¡û¡ôget IO STATUS 0
get IO STATUS 0

[22:21:29.321]ÊÕ¡û¡ôget IO STATUS 0
get IO STATUS 0

[22:21:29.339]ÊÕ¡û¡ôget IO STATUS 0

[22:21:29.350]ÊÕ¡û¡ôget IO STATUS 0

[22:21:29.361]ÊÕ¡û¡ôget IO STATUS 0
get IO STATUS 0

[22:21:29.380]ÊÕ¡û¡ôget IO STATUS 0
get IO STATUS 0

[22:21:29.399]ÊÕ¡û¡ôget IO STATUS 0

[22:21:29.410]ÊÕ¡û¡ôget IO STATUS 0
get IO STATUS 0

[22:21:29.429]ÊÕ¡û¡ôget IO STATUS 0

[22:21:29.439]ÊÕ¡û¡ôget IO STATUS 0
get IO STATUS 0

[22:21:29.461]ÊÕ¡û¡ôget IO STATUS 0
get IO STATUS 0

[22:21:29.481]ÊÕ¡û¡ôget IO STATUS 0

[22:21:29.489]ÊÕ¡û¡ôget IO STATUS 0
get IO STATUS 0

[22:21:29.509]ÊÕ¡û¡ôget IO STATUS 0

[22:21:29.520]ÊÕ¡û¡ôget IO STATUS 0
get IO STATUS 0

[22:21:29.539]ÊÕ¡û¡ôget IO STATUS 0

[22:21:29.550]ÊÕ¡û¡ôget IO STATUS 0
get IO STATUS 0

[22:21:29.569]ÊÕ¡û¡ôget IO STATUS 0

[22:21:29.580]ÊÕ¡û¡ôget IO STATUS 0
get IO STATUS 0

[22:21:29.599]ÊÕ¡û¡ôget IO STATUS 0
get IO STATUS 0

[22:21:29.620]ÊÕ¡û¡ôget IO STATUS 0

[22:21:29.631]ÊÕ¡û¡ôget IO STATUS 0
get IO STATUS 0

[22:21:29.649]ÊÕ¡û¡ôget IO STATUS 0

[22:21:29.660]ÊÕ¡û¡ôget IO STATUS 0
get IO STATUS 0

[22:21:29.679]ÊÕ¡û¡ôget IO STATUS 0

[22:21:29.690]ÊÕ¡û¡ôget IO STATUS 0
get IO STATUS 0

[22:21:29.709]ÊÕ¡û¡ôget IO STATUS 0
get IO STATUS 0

[22:21:29.731]ÊÕ¡û¡ôget IO STATUS 0

[22:21:29.739]ÊÕ¡û¡ôget IO STATUS 0
get IO STATUS 0

[22:21:29.761]ÊÕ¡û¡ôget IO STATUS 0

[22:21:29.770]ÊÕ¡û¡ôget IO STATUS 0
get IO STATUS 0

[22:21:29.791]ÊÕ¡û¡ôget IO STATUS 0

[22:21:29.799]ÊÕ¡û¡ôget IO STATUS 0
get IO STATUS 0

[22:21:29.821]ÊÕ¡û¡ôget IO STATUS 0
get IO STATUS 0

[22:21:29.840]ÊÕ¡û¡ôget IO STATUS 0

[22:21:29.851]ÊÕ¡û¡ôget IO STATUS 0
get IO STATUS 0

[22:21:29.870]ÊÕ¡û¡ôget IO STATUS 0

[22:21:29.880]ÊÕ¡û¡ôget IO STATUS 0
get IO STATUS 0

[22:21:29.899]ÊÕ¡û¡ôget IO STATUS 0

[22:21:29.910]ÊÕ¡û¡ôget IO STATUS 0
get IO STATUS 0

[22:21:29.929]ÊÕ¡û¡ôget IO STATUS 0

[22:21:29.939]ÊÕ¡û¡ôget IO STATUS 0
get IO STATUS 0

[22:21:29.961]ÊÕ¡û¡ôget IO STATUS 0
get IO STATUS 0

[22:21:29.980]ÊÕ¡û¡ôget IO STATUS 0

[22:21:29.989]ÊÕ¡û¡ôget IO STATUS 0
get IO STATUS 0

[22:21:30.011]ÊÕ¡û¡ôget IO STATUS 0

[22:21:30.019]ÊÕ¡û¡ôget IO STATUS 0
get IO STATUS 0

[22:21:30.039]ÊÕ¡û¡ôget IO STATUS 0

[22:21:30.049]ÊÕ¡û¡ôget IO STATUS 0
get IO STATUS 0

[22:21:30.071]ÊÕ¡û¡ôget IO STATUS 0
get IO STATUS 0

[22:21:30.089]ÊÕ¡û¡ôget IO STATUS 0

[22:21:30.100]ÊÕ¡û¡ôget IO STATUS 0
get IO STATUS 0

[22:21:30.120]ÊÕ¡û¡ôget IO STATUS 0

[22:21:30.131]ÊÕ¡û¡ôget IO STATUS 0
get IO STATUS 0

[22:21:30.150]ÊÕ¡û¡ôget IO STATUS 0

[22:21:30.161]ÊÕ¡û¡ôget IO STATUS 0
get IO STATUS 0

[22:21:30.180]ÊÕ¡û¡ôget IO STATUS 0

[22:21:30.191]ÊÕ¡û¡ôget IO STATUS 0
get IO STATUS 0

[22:21:30.209]ÊÕ¡û¡ôget IO STATUS 0

[22:21:30.220]ÊÕ¡û¡ôget IO STATUS 0
get IO STATUS 0

[22:21:30.239]ÊÕ¡û¡ôget IO STATUS 0
get IO STATUS 0

[22:21:30.261]ÊÕ¡û¡ôget IO STATUS 0

[22:21:30.269]ÊÕ¡û¡ôget IO STATUS 0
get IO STATUS 0

[22:21:30.289]ÊÕ¡û¡ôget IO STATUS 0

[22:21:30.299]ÊÕ¡û¡ôget IO STATUS 0
get IO STATUS 0

[22:21:30.320]ÊÕ¡û¡ôget IO STATUS 0
get IO STATUS 0

[22:21:30.340]ÊÕ¡û¡ôget IO STATUS 0

[22:21:30.351]ÊÕ¡û¡ôget IO STATUS 0
get IO STATUS 0

[22:21:30.370]ÊÕ¡û¡ôget IO STATUS 0

[22:21:30.381]ÊÕ¡û¡ôget IO STATUS 0
get IO STATUS 0

[22:21:30.400]ÊÕ¡û¡ôget IO STATUS 0

[22:21:30.411]ÊÕ¡û¡ôget IO STATUS 0
get IO STATUS 0

[22:21:30.430]ÊÕ¡û¡ôget IO STATUS 0
get IO STATUS 0

[22:21:30.450]ÊÕ¡û¡ôget IO STATUS 0

[22:21:30.461]ÊÕ¡û¡ôget IO STATUS 0
get IO STATUS 0

[22:21:30.481]ÊÕ¡û¡ôget IO STATUS 0

[22:21:30.491]ÊÕ¡û¡ôget IO STATUS 0
get IO STATUS 0

[22:21:30.510]ÊÕ¡û¡ôget IO STATUS 0

[22:21:30.520]ÊÕ¡û¡ôget IO STATUS 0
get IO STATUS 0

[22:21:30.539]ÊÕ¡û¡ôget IO STATUS 0

[22:21:30.550]ÊÕ¡û¡ôget IO STATUS 0
get IO STATUS 0

[22:21:30.569]ÊÕ¡û¡ôget IO STATUS 0

[22:21:30.580]ÊÕ¡û¡ôget IO STATUS 0
get IO STATUS 0

[22:21:30.599]ÊÕ¡û¡ôget IO STATUS 0
get IO STATUS 0

[22:21:30.620]ÊÕ¡û¡ôget IO STATUS 0

[22:21:30.631]ÊÕ¡û¡ôget IO STATUS 0
get IO STATUS 0

[22:21:30.651]ÊÕ¡û¡ôget IO STATUS 0

[22:21:30.661]ÊÕ¡û¡ôget IO STATUS 0
get IO STATUS 0

[22:21:30.680]ÊÕ¡û¡ôget IO STATUS 0

[22:21:30.691]ÊÕ¡û¡ôget IO STATUS 0
get IO STATUS 0

[22:21:30.710]ÊÕ¡û¡ôget IO STATUS 0

[22:21:30.721]ÊÕ¡û¡ôget IO STATUS 0
get IO STATUS 0

[22:21:30.739]ÊÕ¡û¡ôget IO STATUS 0
get IO STATUS 0

[22:21:30.759]ÊÕ¡û¡ôget IO STATUS 0

[22:21:30.770]ÊÕ¡û¡ôget IO STATUS 0
get IO STATUS 0

[22:21:30.789]ÊÕ¡û¡ôget IO STATUS 0

[22:21:30.800]ÊÕ¡û¡ôget IO STATUS 0
get IO STATUS 0

[22:21:30.821]ÊÕ¡û¡ôget IO STATUS 0
get IO STATUS 0

[22:21:30.839]ÊÕ¡û¡ôget IO STATUS 0

[22:21:30.850]ÊÕ¡û¡ôget IO STATUS 0

[22:21:30.861]ÊÕ¡û¡ôget IO STATUS 0
get IO STATUS 0

[22:21:30.880]ÊÕ¡û¡ôget IO STATUS 0
get IO STATUS 0

[22:21:30.899]ÊÕ¡û¡ôget IO STATUS 0

[22:21:30.911]ÊÕ¡û¡ôget IO STATUS 0
get IO STATUS 0

[22:21:30.930]ÊÕ¡û¡ôget IO STATUS 0
get IO STATUS 0

[22:21:30.949]ÊÕ¡û¡ôget IO STATUS 0

[22:21:30.960]ÊÕ¡û¡ôget IO STATUS 0

[22:21:30.970]ÊÕ¡û¡ôget IO STATUS 0
get IO STATUS 0

[22:21:30.989]ÊÕ¡û¡ôget IO STATUS 0
get IO STATUS 0

[22:21:31.009]ÊÕ¡û¡ôget IO STATUS 0

[22:21:31.019]ÊÕ¡û¡ôget IO STATUS 0
get IO STATUS 0

[22:21:31.039]ÊÕ¡û¡ôget IO STATUS 0

[22:21:31.050]ÊÕ¡û¡ôget IO STATUS 0
get IO STATUS 0

[22:21:31.069]ÊÕ¡û¡ôget IO STATUS 0

[22:21:31.080]ÊÕ¡û¡ôget IO STATUS 0
get IO STATUS 0

[22:21:31.100]ÊÕ¡û¡ôget IO STATUS 0
get IO STATUS 0

[22:21:31.119]ÊÕ¡û¡ôget IO STATUS 0

[22:21:31.131]ÊÕ¡û¡ôget IO STATUS 0
get IO STATUS 0

[22:21:31.149]ÊÕ¡û¡ôget IO STATUS 0

[22:21:31.160]ÊÕ¡û¡ôget IO STATUS 0
get IO STATUS 0

[22:21:31.180]ÊÕ¡û¡ôget IO STATUS 0

[22:21:31.189]ÊÕ¡û¡ôget IO STATUS 0
get IO STATUS 0

[22:21:31.209]ÊÕ¡û¡ôget IO STATUS 0
get IO STATUS 0

[22:21:31.231]ÊÕ¡û¡ôget IO STATUS 0

[22:21:31.239]ÊÕ¡û¡ôget IO STATUS 0
get IO STATUS 0

[22:21:31.261]ÊÕ¡û¡ôget IO STATUS 0

[22:21:31.269]ÊÕ¡û¡ôget IO STATUS 0
get IO STATUS 0

[22:21:31.289]ÊÕ¡û¡ôget IO STATUS 0

[22:21:31.300]ÊÕ¡û¡ôget IO STATUS 0
get IO STATUS 0

[22:21:31.321]ÊÕ¡û¡ôget IO STATUS 0
get IO STATUS 0

[22:21:31.340]ÊÕ¡û¡ôget IO STATUS 0

[22:21:31.351]ÊÕ¡û¡ôget IO STATUS 0
get IO STATUS 0

[22:21:31.370]ÊÕ¡û¡ôget IO STATUS 0

[22:21:31.381]ÊÕ¡û¡ôget IO STATUS 0
get IO STATUS 0

[22:21:31.399]ÊÕ¡û¡ôget IO STATUS 0

[22:21:31.410]ÊÕ¡û¡ôget IO STATUS 0
get IO STATUS 0

[22:21:31.430]ÊÕ¡û¡ôget IO STATUS 0

[22:21:31.441]ÊÕ¡û¡ôget IO STATUS 0
get IO STATUS 0

[22:21:31.460]ÊÕ¡û¡ôget IO STATUS 0

[22:21:31.471]ÊÕ¡û¡ôget IO STATUS 0
get IO STATUS 0

[22:21:31.490]ÊÕ¡û¡ôget IO STATUS 0
get IO STATUS 0

[22:21:31.509]ÊÕ¡û¡ôget IO STATUS 0

[22:21:31.520]ÊÕ¡û¡ôget IO STATUS 0
get IO STATUS 0

[22:21:31.540]ÊÕ¡û¡ôget IO STATUS 0

[22:21:31.551]ÊÕ¡û¡ôget IO STATUS 0
get IO STATUS 0

[22:21:31.570]ÊÕ¡û¡ôget IO STATUS 0
get IO STATUS 0

[22:21:31.589]ÊÕ¡û¡ôget IO STATUS 0

[22:21:31.600]ÊÕ¡û¡ôget IO STATUS 0
get IO STATUS 0

[22:21:31.619]ÊÕ¡û¡ôget IO STATUS 0

[22:21:31.629]ÊÕ¡û¡ôget IO STATUS 0
get IO STATUS 0

[22:21:31.649]ÊÕ¡û¡ôget IO STATUS 0

[22:21:31.660]ÊÕ¡û¡ôget IO STATUS 0
get IO STATUS 0

[22:21:31.678]ÊÕ¡û¡ôget IO STATUS 0
get IO STATUS 0

[22:21:31.699]ÊÕ¡û¡ôget IO STATUS 0

[22:21:31.710]ÊÕ¡û¡ôget IO STATUS 0

[22:21:31.721]ÊÕ¡û¡ôget IO STATUS 0
get IO STATUS 0

[22:21:31.741]ÊÕ¡û¡ôget IO STATUS 0
get IO STATUS 0

[22:21:31.760]ÊÕ¡û¡ôget IO STATUS 0

[22:21:31.769]ÊÕ¡û¡ôget IO STATUS 0
get IO STATUS 0

[22:21:31.789]ÊÕ¡û¡ôget IO STATUS 0

[22:21:31.799]ÊÕ¡û¡ôget IO STATUS 0
get IO STATUS 0

[22:21:31.820]ÊÕ¡û¡ôget IO STATUS 0
get IO STATUS 0

[22:21:31.839]ÊÕ¡û¡ôget IO STATUS 0

[22:21:31.850]ÊÕ¡û¡ôget IO STATUS 0
get IO STATUS 0

[22:21:31.869]ÊÕ¡û¡ôget IO STATUS 0

[22:21:31.880]ÊÕ¡û¡ôget IO STATUS 0
get IO STATUS 0

[22:21:31.899]ÊÕ¡û¡ôget IO STATUS 0

[22:21:31.910]ÊÕ¡û¡ôget IO STATUS 0
get IO STATUS 0

[22:21:31.929]ÊÕ¡û¡ôget IO STATUS 0

[22:21:31.940]ÊÕ¡û¡ôget IO STATUS 0
get IO STATUS 0

[22:21:31.959]ÊÕ¡û¡ôget IO STATUS 0
get IO STATUS 0

[22:21:31.981]ÊÕ¡û¡ôget IO STATUS 0

[22:21:31.989]ÊÕ¡û¡ôget IO STATUS 0
get IO STATUS 0

[22:21:32.011]ÊÕ¡û¡ôget IO STATUS 0

[22:21:32.019]ÊÕ¡û¡ôget IO STATUS 0
get IO STATUS 0

[22:21:32.039]ÊÕ¡û¡ôget IO STATUS 0

[22:21:32.050]ÊÕ¡û¡ôget IO STATUS 0
get IO STATUS 0

[22:21:32.071]ÊÕ¡û¡ôget IO STATUS 0
get IO STATUS 0

[22:21:32.090]ÊÕ¡û¡ôget IO STATUS 0

[22:21:32.098]ÊÕ¡û¡ôget IO STATUS 0
get IO STATUS 0

[22:21:32.120]ÊÕ¡û¡ôget IO STATUS 0

[22:21:32.131]ÊÕ¡û¡ôget IO STATUS 0
get IO STATUS 0

[22:21:32.149]ÊÕ¡û¡ôget IO STATUS 0

[22:21:32.160]ÊÕ¡û¡ôget IO STATUS 0
get IO STATUS 0

[22:21:32.180]ÊÕ¡û¡ôget IO STATUS 0
get IO STATUS 0

[22:21:32.200]ÊÕ¡û¡ôget IO STATUS 0

[22:21:32.211]ÊÕ¡û¡ôget IO STATUS 0
get IO STATUS 0

[22:21:32.230]ÊÕ¡û¡ôget IO STATUS 0

[22:21:32.239]ÊÕ¡û¡ôget IO STATUS 0
get IO STATUS 0

[22:21:32.260]ÊÕ¡û¡ôget IO STATUS 0

[22:21:32.269]ÊÕ¡û¡ôget IO STATUS 0
get IO STATUS 0

[22:21:32.289]ÊÕ¡û¡ôget IO STATUS 0

[22:21:32.299]ÊÕ¡û¡ôget IO STATUS 0
get IO STATUS 0

[22:21:32.321]ÊÕ¡û¡ôget IO STATUS 0
get IO STATUS 0

[22:21:32.340]ÊÕ¡û¡ôget IO STATUS 0

[22:21:32.351]ÊÕ¡û¡ôget IO STATUS 0
get IO STATUS 0

[22:21:32.369]ÊÕ¡û¡ôget IO STATUS 0

[22:21:32.380]ÊÕ¡û¡ôget IO STATUS 0
get IO STATUS 0

[22:21:32.399]ÊÕ¡û¡ôget IO STATUS 0

[22:21:32.410]ÊÕ¡û¡ôget IO STATUS 0
get IO STATUS 0

[22:21:32.430]ÊÕ¡û¡ôget IO STATUS 0
get IO STATUS 0

[22:21:32.450]ÊÕ¡û¡ôget IO STATUS 0

[22:21:32.461]ÊÕ¡û¡ôget IO STATUS 0
get IO STATUS 0

[22:21:32.480]ÊÕ¡û¡ôget IO STATUS 0

[22:21:32.489]ÊÕ¡û¡ôget IO STATUS 0
get IO STATUS 0

[22:21:32.511]ÊÕ¡û¡ôget IO STATUS 0

[22:21:32.519]ÊÕ¡û¡ôget IO STATUS 0
get IO STATUS 0

[22:21:32.539]ÊÕ¡û¡ôget IO STATUS 0

[22:21:32.550]ÊÕ¡û¡ôget IO STATUS 0
get IO STATUS 0

[22:21:32.571]ÊÕ¡û¡ôget IO STATUS 0
get IO STATUS 0

[22:21:32.589]ÊÕ¡û¡ôget IO STATUS 0

[22:21:32.600]ÊÕ¡û¡ôget IO STATUS 0
get IO STATUS 0

[22:21:32.620]ÊÕ¡û¡ôget IO STATUS 0

[22:21:32.629]ÊÕ¡û¡ôget IO STATUS 0
get IO STATUS 0

[22:21:32.650]ÊÕ¡û¡ôget IO STATUS 0

[22:21:32.659]ÊÕ¡û¡ôget IO STATUS 0
get IO STATUS 0

[22:21:32.681]ÊÕ¡û¡ôget IO STATUS 0

[22:21:32.691]ÊÕ¡û¡ôget IO STATUS 0
get IO STATUS 0

[22:21:32.710]ÊÕ¡û¡ôget IO STATUS 0
get IO STATUS 0

[22:21:32.730]ÊÕ¡û¡ôget IO STATUS 0

[22:21:32.738]ÊÕ¡û¡ôget IO STATUS 0
get IO STATUS 0

[22:21:32.760]ÊÕ¡û¡ôget IO STATUS 0

[22:21:32.771]ÊÕ¡û¡ôget IO STATUS 0
get IO STATUS 0

[22:21:32.790]ÊÕ¡û¡ôget IO STATUS 0

[22:21:32.801]ÊÕ¡û¡ôget IO STATUS 0
get IO STATUS 0

[22:21:32.820]ÊÕ¡û¡ôget IO STATUS 0

[22:21:32.830]ÊÕ¡û¡ôget IO STATUS 0
get IO STATUS 0

[22:21:32.850]ÊÕ¡û¡ôget IO STATUS 0
get IO STATUS 0

[22:21:32.869]ÊÕ¡û¡ôget IO STATUS 0

[22:21:32.880]ÊÕ¡û¡ôget IO STATUS 0
get IO STATUS 0

[22:21:32.899]ÊÕ¡û¡ôget IO STATUS 0

[22:21:32.910]ÊÕ¡û¡ôget IO STATUS 0
get IO STATUS 0

[22:21:32.929]ÊÕ¡û¡ôget IO STATUS 0

[22:21:32.940]ÊÕ¡û¡ôget IO STATUS 0
get IO STATUS 0

[22:21:32.959]ÊÕ¡û¡ôget IO STATUS 0
get IO STATUS 0

[22:21:32.980]ÊÕ¡û¡ôget IO STATUS 0

[22:21:32.989]ÊÕ¡û¡ôget IO STATUS 0
get IO STATUS 0

[22:21:33.011]ÊÕ¡û¡ôget IO STATUS 0

[22:21:33.019]ÊÕ¡û¡ôget IO STATUS 0
get IO STATUS 0

[22:21:33.039]ÊÕ¡û¡ôget IO STATUS 0

[22:21:33.049]ÊÕ¡û¡ôget IO STATUS 0
get IO STATUS 0

[22:21:33.068]ÊÕ¡û¡ôget IO STATUS 0

[22:21:33.081]ÊÕ¡û¡ôget IO STATUS 0
get IO STATUS 0

[22:21:33.100]ÊÕ¡û¡ôget IO STATUS 0
get IO STATUS 0

[22:21:33.119]ÊÕ¡û¡ôget IO STATUS 0

[22:21:33.130]ÊÕ¡û¡ôget IO STATUS 0
get IO STATUS 0

[22:21:33.149]ÊÕ¡û¡ôget IO STATUS 0

[22:21:33.160]ÊÕ¡û¡ôget IO STATUS 0
get IO STATUS 0

[22:21:33.179]ÊÕ¡û¡ôget IO STATUS 0

[22:21:33.190]ÊÕ¡û¡ôget IO STATUS 0
get IO STATUS 0

[22:21:33.209]ÊÕ¡û¡ôget IO STATUS 0
get IO STATUS 0

[22:21:33.231]ÊÕ¡û¡ôget IO STATUS 0

[22:21:33.239]ÊÕ¡û¡ôget IO STATUS 0
get IO STATUS 0

[22:21:33.261]ÊÕ¡û¡ôget IO STATUS 0

[22:21:33.269]ÊÕ¡û¡ôget IO STATUS 0
get IO STATUS 0

[22:21:33.291]ÊÕ¡û¡ôget IO STATUS 0

[22:21:33.299]ÊÕ¡û¡ôget IO STATUS 0
get IO STATUS 0

[22:21:33.320]ÊÕ¡û¡ôget IO STATUS 0

[22:21:33.331]ÊÕ¡û¡ôget IO STATUS 0
get IO STATUS 0

[22:21:33.350]ÊÕ¡û¡ôget IO STATUS 0
get IO STATUS 0

[22:21:33.368]ÊÕ¡û¡ôget IO STATUS 0

[22:21:33.380]ÊÕ¡û¡ôget IO STATUS 0
get IO STATUS 0

[22:21:33.399]ÊÕ¡û¡ôget IO STATUS 0

[22:21:33.410]ÊÕ¡û¡ôget IO STATUS 0
get IO STATUS 0

[22:21:33.429]ÊÕ¡û¡ôget IO STATUS 0

[22:21:33.440]ÊÕ¡û¡ôget IO STATUS 0
get IO STATUS 0

[22:21:33.459]ÊÕ¡û¡ôget IO STATUS 0
get IO STATUS 0

[22:21:33.480]ÊÕ¡û¡ôget IO STATUS 0

[22:21:33.489]ÊÕ¡û¡ôget IO STATUS 0
get IO STATUS 0

[22:21:33.511]ÊÕ¡û¡ôget IO STATUS 0

[22:21:33.519]ÊÕ¡û¡ôget IO STATUS 0
get IO STATUS 0

[22:21:33.539]ÊÕ¡û¡ôget IO STATUS 0

[22:21:33.550]ÊÕ¡û¡ôget IO STATUS 0
get IO STATUS 0

[22:21:33.569]ÊÕ¡û¡ôget IO STATUS 0
get IO STATUS 0

[22:21:33.589]ÊÕ¡û¡ôget IO STATUS 0

[22:21:33.600]ÊÕ¡û¡ôget IO STATUS 0
get IO STATUS 0

[22:21:33.619]ÊÕ¡û¡ôget IO STATUS 0

[22:21:33.630]ÊÕ¡û¡ôget IO STATUS 0
get IO STATUS 0

[22:21:33.649]ÊÕ¡û¡ôget IO STATUS 0

[22:21:33.659]ÊÕ¡û¡ôget IO STATUS 0
get IO STATUS 0

[22:21:33.679]ÊÕ¡û¡ôget IO STATUS 0

[22:21:33.689]ÊÕ¡û¡ôget IO STATUS 0
get IO STATUS 0

[22:21:33.711]ÊÕ¡û¡ôget IO STATUS 0
get IO STATUS 0

[22:21:33.729]ÊÕ¡û¡ôget IO STATUS 0

[22:21:33.740]ÊÕ¡û¡ôget IO STATUS 0
get IO STATUS 0

[22:21:33.759]ÊÕ¡û¡ôget IO STATUS 0

[22:21:33.770]ÊÕ¡û¡ôget IO STATUS 0
get IO STATUS 0

[22:21:33.789]ÊÕ¡û¡ôget IO STATUS 0

[22:21:33.800]ÊÕ¡û¡ôget IO STATUS 0
get IO STATUS 0

[22:21:33.820]ÊÕ¡û¡ôget IO STATUS 0

[22:21:33.831]ÊÕ¡û¡ôget IO STATUS 0
get IO STATUS 0

[22:21:33.850]ÊÕ¡û¡ôget IO STATUS 0
get IO STATUS 0

[22:21:33.870]ÊÕ¡û¡ôget IO STATUS 0

[22:21:33.880]ÊÕ¡û¡ôget IO STATUS 0
get IO STATUS 0

[22:21:33.899]ÊÕ¡û¡ôget IO STATUS 0

[22:21:33.910]ÊÕ¡û¡ôget IO STATUS 0
get IO STATUS 0

[22:21:33.929]ÊÕ¡û¡ôget IO STATUS 0

[22:21:33.940]ÊÕ¡û¡ôget IO STATUS 0
get IO STATUS 0

[22:21:33.959]ÊÕ¡û¡ôget IO STATUS 0

[22:21:33.970]ÊÕ¡û¡ôget IO STATUS 0
get IO STATUS 0

[22:21:33.989]ÊÕ¡û¡ôget IO STATUS 0
get IO STATUS 0

[22:21:34.008]ÊÕ¡û¡ôget IO STATUS 0

[22:21:34.019]ÊÕ¡û¡ôget IO STATUS 0
get IO STATUS 0

[22:21:34.039]ÊÕ¡û¡ôget IO STATUS 0

[22:21:34.050]ÊÕ¡û¡ôget IO STATUS 0
get IO STATUS 0

[22:21:34.069]ÊÕ¡û¡ôget IO STATUS 0

[22:21:34.080]ÊÕ¡û¡ôget IO STATUS 0
get IO STATUS 0

[22:21:34.099]ÊÕ¡û¡ôget IO STATUS 0
get IO STATUS 0

[22:21:34.119]ÊÕ¡û¡ôget IO STATUS 0

[22:21:34.130]ÊÕ¡û¡ôget IO STATUS 0
get IO STATUS 0

[22:21:34.149]ÊÕ¡û¡ôget IO STATUS 0

[22:21:34.160]ÊÕ¡û¡ôget IO STATUS 0
get IO STATUS 0

[22:21:34.181]ÊÕ¡û¡ôget IO STATUS 0

[22:21:34.189]ÊÕ¡û¡ôget IO STATUS 0
get IO STATUS 0

[22:21:34.208]ÊÕ¡û¡ôget IO STATUS 0
get IO STATUS 0

[22:21:34.230]ÊÕ¡û¡ôget IO STATUS 0

[22:21:34.239]ÊÕ¡û¡ôget IO STATUS 0
get IO STATUS 0

[22:21:34.260]ÊÕ¡û¡ôget IO STATUS 0

[22:21:34.269]ÊÕ¡û¡ôget IO STATUS 0
get IO STATUS 0

[22:21:34.289]ÊÕ¡û¡ôget IO STATUS 0

[22:21:34.300]ÊÕ¡û¡ôget IO STATUS 0
get IO STATUS 0

[22:21:34.320]ÊÕ¡û¡ôget IO STATUS 0

[22:21:34.331]ÊÕ¡û¡ôget IO STATUS 0
get IO STATUS 0

[22:21:34.350]ÊÕ¡û¡ôget IO STATUS 0
get IO STATUS 0

[22:21:34.369]ÊÕ¡û¡ôget IO STATUS 0

[22:21:34.378]ÊÕ¡û¡ôget IO STATUS 0
get IO STATUS 0

[22:21:34.400]ÊÕ¡û¡ôget IO STATUS 0

[22:21:34.409]ÊÕ¡û¡ôget IO STATUS 0
get IO STATUS 0

[22:21:34.431]ÊÕ¡û¡ôget IO STATUS 0

[22:21:34.439]ÊÕ¡û¡ôget IO STATUS 0
get IO STATUS 0

[22:21:34.459]ÊÕ¡û¡ôget IO STATUS 0
get IO STATUS 0

[22:21:34.480]ÊÕ¡û¡ôget IO STATUS 0

[22:21:34.488]ÊÕ¡û¡ôget IO STATUS 0
get IO STATUS 0

[22:21:34.510]ÊÕ¡û¡ôget IO STATUS 0

[22:21:34.519]ÊÕ¡û¡ôget IO STATUS 0
get IO STATUS 0

[22:21:34.539]ÊÕ¡û¡ôget IO STATUS 0

[22:21:34.550]ÊÕ¡û¡ôget IO STATUS 0
get IO STATUS 0

[22:21:34.569]ÊÕ¡û¡ôget IO STATUS 0

[22:21:34.580]ÊÕ¡û¡ôget IO STATUS 0
get IO STATUS 0

[22:21:34.599]ÊÕ¡û¡ôget IO STATUS 0
get IO STATUS 0

[22:21:34.621]ÊÕ¡û¡ôget IO STATUS 0

[22:21:34.629]ÊÕ¡û¡ôget IO STATUS 0
get IO STATUS 0

[22:21:34.650]ÊÕ¡û¡ôget IO STATUS 0

[22:21:34.659]ÊÕ¡û¡ôget IO STATUS 0
get IO STATUS 0

[22:21:34.680]ÊÕ¡û¡ôget IO STATUS 0
get IO STATUS 0

[22:21:34.700]ÊÕ¡û¡ôget IO STATUS 0

[22:21:34.711]ÊÕ¡û¡ôget IO STATUS 0
get IO STATUS 0

[22:21:34.731]ÊÕ¡û¡ôget IO STATUS 0

[22:21:34.739]ÊÕ¡û¡ôget IO STATUS 0
get IO STATUS 0

[22:21:34.758]ÊÕ¡û¡ôget IO STATUS 0

[22:21:34.769]ÊÕ¡û¡ôget IO STATUS 0
get IO STATUS 0

[22:21:34.789]ÊÕ¡û¡ôget IO STATUS 0

[22:21:34.800]ÊÕ¡û¡ôget IO STATUS 0
get IO STATUS 0

[22:21:34.819]ÊÕ¡û¡ôget IO STATUS 0

[22:21:34.831]ÊÕ¡û¡ôget IO STATUS 0
get IO STATUS 0

[22:21:34.850]ÊÕ¡û¡ôget IO STATUS 0
get IO STATUS 0

[22:21:34.869]ÊÕ¡û¡ôget IO STATUS 0

[22:21:34.881]ÊÕ¡û¡ôget IO STATUS 0
get IO STATUS 0

[22:21:34.900]ÊÕ¡û¡ôget IO STATUS 0

[22:21:34.909]ÊÕ¡û¡ôget IO STATUS 0
get IO STATUS 0

[22:21:34.930]ÊÕ¡û¡ôget IO STATUS 0
get IO STATUS 0

[22:21:34.950]ÊÕ¡û¡ôget IO STATUS 0

[22:21:34.961]ÊÕ¡û¡ôget IO STATUS 0
get IO STATUS 0

[22:21:34.980]ÊÕ¡û¡ôget IO STATUS 0

[22:21:34.989]ÊÕ¡û¡ôget IO STATUS 0
get IO STATUS 0

[22:21:35.011]ÊÕ¡û¡ôget IO STATUS 0

[22:21:35.019]ÊÕ¡û¡ôget IO STATUS 0
get IO STATUS 0

[22:21:35.039]ÊÕ¡û¡ôget IO STATUS 0

[22:21:35.050]ÊÕ¡û¡ôget IO STATUS 0
get IO STATUS 0

[22:21:35.069]ÊÕ¡û¡ôget IO STATUS 0

[22:21:35.080]ÊÕ¡û¡ôget IO STATUS 0
get IO STATUS 0

[22:21:35.100]ÊÕ¡û¡ôget IO STATUS 0
get IO STATUS 0

[22:21:35.119]ÊÕ¡û¡ôget IO STATUS 0

[22:21:35.130]ÊÕ¡û¡ôget IO STATUS 0
get IO STATUS 0

[22:21:35.149]ÊÕ¡û¡ôget IO STATUS 0

[22:21:35.160]ÊÕ¡û¡ôget IO STATUS 0
get IO STATUS 0

[22:21:35.180]ÊÕ¡û¡ôget IO STATUS 0

[22:21:35.191]ÊÕ¡û¡ôget IO STATUS 0
get IO STATUS 0

[22:21:35.210]ÊÕ¡û¡ôget IO STATUS 0
get IO STATUS 0

[22:21:35.230]ÊÕ¡û¡ôget IO STATUS 0

[22:21:35.239]ÊÕ¡û¡ôget IO STATUS 0
get IO STATUS 0

[22:21:35.259]ÊÕ¡û¡ôget IO STATUS 0

[22:21:35.270]ÊÕ¡û¡ôget IO STATUS 0
get IO STATUS 0

[22:21:35.289]ÊÕ¡û¡ôget IO STATUS 0

[22:21:35.300]ÊÕ¡û¡ôget IO STATUS 0
get IO STATUS 0

[22:21:35.318]ÊÕ¡û¡ôget IO STATUS 0

[22:21:35.330]ÊÕ¡û¡ôget IO STATUS 0
get IO STATUS 0

[22:21:35.350]ÊÕ¡û¡ôget IO STATUS 0
get IO STATUS 0

[22:21:35.369]ÊÕ¡û¡ôget IO STATUS 0

[22:21:35.380]ÊÕ¡û¡ôget IO STATUS 0
get IO STATUS 0

[22:21:35.399]ÊÕ¡û¡ôget IO STATUS 0

[22:21:35.410]ÊÕ¡û¡ôget IO STATUS 0
get IO STATUS 0

[22:21:35.431]ÊÕ¡û¡ôget IO STATUS 0
get IO STATUS 0

[22:21:35.450]ÊÕ¡û¡ôget IO STATUS 0

[22:21:35.458]ÊÕ¡û¡ôget IO STATUS 0
get IO STATUS 0

[22:21:35.479]ÊÕ¡û¡ôget IO STATUS 0

[22:21:35.490]ÊÕ¡û¡ôget IO STATUS 0
get IO STATUS 0

[22:21:35.509]ÊÕ¡û¡ôget IO STATUS 0

[22:21:35.519]ÊÕ¡û¡ôget IO STATUS 0
get IO STATUS 0

[22:21:35.539]ÊÕ¡û¡ôget IO STATUS 0

[22:21:35.550]ÊÕ¡û¡ôget IO STATUS 0
get IO STATUS 0

[22:21:35.569]ÊÕ¡û¡ôget IO STATUS 0

[22:21:35.581]ÊÕ¡û¡ôget IO STATUS 0
get IO STATUS 0

[22:21:35.600]ÊÕ¡û¡ôget IO STATUS 0
get IO STATUS 0

[22:21:35.620]ÊÕ¡û¡ôget IO STATUS 0

[22:21:35.628]ÊÕ¡û¡ôget IO STATUS 0
get IO STATUS 0

[22:21:35.650]ÊÕ¡û¡ôget IO STATUS 0

[22:21:35.658]ÊÕ¡û¡ôget IO STATUS 0
get IO STATUS 0

[22:21:35.678]ÊÕ¡û¡ôget IO STATUS 0

[22:21:35.689]ÊÕ¡û¡ôget IO STATUS 0
get IO STATUS 0

[22:21:35.709]ÊÕ¡û¡ôget IO STATUS 0
get IO STATUS 0

[22:21:35.728]ÊÕ¡û¡ôget IO STATUS 0

[22:21:35.739]ÊÕ¡û¡ôget IO STATUS 0
get IO STATUS 0

[22:21:35.759]ÊÕ¡û¡ôget IO STATUS 0

[22:21:35.770]ÊÕ¡û¡ôget IO STATUS 0
get IO STATUS 0

[22:21:35.789]ÊÕ¡û¡ôget IO STATUS 0

[22:21:35.800]ÊÕ¡û¡ôget IO STATUS 0
get IO STATUS 0

[22:21:35.819]ÊÕ¡û¡ôget IO STATUS 0

[22:21:35.831]ÊÕ¡û¡ôget IO STATUS 0
get IO STATUS 0

[22:21:35.850]ÊÕ¡û¡ôget IO STATUS 0
get IO STATUS 0

[22:21:35.869]ÊÕ¡û¡ôget IO STATUS 0

[22:21:35.878]ÊÕ¡û¡ôget IO STATUS 0
get IO STATUS 0

[22:21:35.899]ÊÕ¡û¡ôget IO STATUS 0

[22:21:35.910]ÊÕ¡û¡ôget IO STATUS 0
get IO STATUS 0

[22:21:35.930]ÊÕ¡û¡ôget IO STATUS 0
get IO STATUS 0

[22:21:35.949]ÊÕ¡û¡ôget IO STATUS 0

[22:21:35.960]ÊÕ¡û¡ôget IO STATUS 0
get IO STATUS 0

[22:21:35.978]ÊÕ¡û¡ôget IO STATUS 0

[22:21:35.989]ÊÕ¡û¡ôget IO STATUS 0
get IO STATUS 0

[22:21:36.009]ÊÕ¡û¡ôget IO STATUS 0

[22:21:36.020]ÊÕ¡û¡ôget IO STATUS 0
get IO STATUS 0

[22:21:36.039]ÊÕ¡û¡ôget IO STATUS 0

[22:21:36.050]ÊÕ¡û¡ôget IO STATUS 0
get IO STATUS 0

[22:21:36.070]ÊÕ¡û¡ôget IO STATUS 0

[22:21:36.080]ÊÕ¡û¡ôget IO STATUS 0
get IO STATUS 0

[22:21:36.099]ÊÕ¡û¡ôget IO STATUS 0
get IO STATUS 0

[22:21:36.121]ÊÕ¡û¡ôget IO STATUS 0

[22:21:36.130]ÊÕ¡û¡ôget IO STATUS 0
get IO STATUS 0

[22:21:36.150]ÊÕ¡û¡ôget IO STATUS 0

[22:21:36.160]ÊÕ¡û¡ôget IO STATUS 0
get IO STATUS 0

[22:21:36.180]ÊÕ¡û¡ôget IO STATUS 0
get IO STATUS 0

[22:21:36.200]ÊÕ¡û¡ôget IO STATUS 0

[22:21:36.211]ÊÕ¡û¡ôget IO STATUS 0
get IO STATUS 0

[22:21:36.230]ÊÕ¡û¡ôget IO STATUS 0

[22:21:36.239]ÊÕ¡û¡ôget IO STATUS 0
get IO STATUS 0

[22:21:36.259]ÊÕ¡û¡ôget IO STATUS 0

[22:21:36.270]ÊÕ¡û¡ôget IO STATUS 0
get IO STATUS 0

[22:21:36.289]ÊÕ¡û¡ôget IO STATUS 0

[22:21:36.300]ÊÕ¡û¡ôget IO STATUS 0
get IO STATUS 0

[22:21:36.319]ÊÕ¡û¡ôget IO STATUS 0

[22:21:36.331]ÊÕ¡û¡ôget IO STATUS 0
get IO STATUS 0

[22:21:36.350]ÊÕ¡û¡ôget IO STATUS 0
get IO STATUS 0

[22:21:36.369]ÊÕ¡û¡ôget IO STATUS 0

[22:21:36.380]ÊÕ¡û¡ôget IO STATUS 0
get IO STATUS 0

[22:21:36.399]ÊÕ¡û¡ôget IO STATUS 0

[22:21:36.410]ÊÕ¡û¡ôget IO STATUS 0
get IO STATUS 0

[22:21:36.430]ÊÕ¡û¡ôget IO STATUS 0
get IO STATUS 0

[22:21:36.450]ÊÕ¡û¡ôget IO STATUS 0

[22:21:36.461]ÊÕ¡û¡ôget IO STATUS 0
get IO STATUS 0

[22:21:36.479]ÊÕ¡û¡ôget IO STATUS 0

[22:21:36.490]ÊÕ¡û¡ôget IO STATUS 0
get IO STATUS 0

[22:21:36.509]ÊÕ¡û¡ôget IO STATUS 0

[22:21:36.520]ÊÕ¡û¡ôget IO STATUS 0
get IO STATUS 0

[22:21:36.539]ÊÕ¡û¡ôget IO STATUS 0

[22:21:36.550]ÊÕ¡û¡ôget IO STATUS 0
get IO STATUS 0

[22:21:36.569]ÊÕ¡û¡ôget IO STATUS 0

[22:21:36.581]ÊÕ¡û¡ôget IO STATUS 0
get IO STATUS 0

[22:21:36.600]ÊÕ¡û¡ôget IO STATUS 0
get IO STATUS 0

[22:21:36.619]ÊÕ¡û¡ôget IO STATUS 0

[22:21:36.630]ÊÕ¡û¡ôget IO STATUS 0
get IO STATUS 0

[22:21:36.649]ÊÕ¡û¡ôget IO STATUS 0

[22:21:36.660]ÊÕ¡û¡ôget IO STATUS 0
get IO STATUS 0

[22:21:36.680]ÊÕ¡û¡ôget IO STATUS 0
get IO STATUS 0

[22:21:36.700]ÊÕ¡û¡ôget IO STATUS 0

[22:21:36.708]ÊÕ¡û¡ôget IO STATUS 0
get IO STATUS 0

[22:21:36.730]ÊÕ¡û¡ôget IO STATUS 0

[22:21:36.739]ÊÕ¡û¡ôget IO STATUS 0
get IO STATUS 0

[22:21:36.760]ÊÕ¡û¡ôget IO STATUS 0

[22:21:36.769]ÊÕ¡û¡ôget IO STATUS 0
get IO STATUS 0

[22:21:36.789]ÊÕ¡û¡ôget IO STATUS 0

[22:21:36.800]ÊÕ¡û¡ôget IO STATUS 0
get IO STATUS 0

[22:21:36.819]ÊÕ¡û¡ôget IO STATUS 0

[22:21:36.830]ÊÕ¡û¡ôget IO STATUS 0
get IO STATUS 0

[22:21:36.849]ÊÕ¡û¡ôget IO STATUS 0
get IO STATUS 0

[22:21:36.869]ÊÕ¡û¡ôget IO STATUS 0

[22:21:36.880]ÊÕ¡û¡ôget IO STATUS 0
get IO STATUS 0

[22:21:36.899]ÊÕ¡û¡ôget IO STATUS 0

[22:21:36.910]ÊÕ¡û¡ôget IO STATUS 0
get IO STATUS 0

[22:21:36.929]ÊÕ¡û¡ôget IO STATUS 0

[22:21:36.940]ÊÕ¡û¡ôget IO STATUS 0
get IO STATUS 0

[22:21:36.959]ÊÕ¡û¡ôget IO STATUS 0
get IO STATUS 0

[22:21:36.981]ÊÕ¡û¡ôget IO STATUS 0

[22:21:36.989]ÊÕ¡û¡ôget IO STATUS 0
get IO STATUS 0

[22:21:37.008]ÊÕ¡û¡ôget IO STATUS 0

[22:21:37.019]ÊÕ¡û¡ôget IO STATUS 0
get IO STATUS 0

[22:21:37.039]ÊÕ¡û¡ôget IO STATUS 0

[22:21:37.050]ÊÕ¡û¡ôget IO STATUS 0
get IO STATUS 0

[22:21:37.069]ÊÕ¡û¡ôget IO STATUS 0
get IO STATUS 0

[22:21:37.089]ÊÕ¡û¡ôget IO STATUS 0

[22:21:37.100]ÊÕ¡û¡ôget IO STATUS 0
get IO STATUS 0

[22:21:37.119]ÊÕ¡û¡ôget IO STATUS 0

[22:21:37.130]ÊÕ¡û¡ôget IO STATUS 0
get IO STATUS 0

[22:21:37.149]ÊÕ¡û¡ôget IO STATUS 0

[22:21:37.160]ÊÕ¡û¡ôget IO STATUS 0
get IO STATUS 0

[22:21:37.179]ÊÕ¡û¡ôget IO STATUS 0

[22:21:37.190]ÊÕ¡û¡ôget IO STATUS 0
get IO STATUS 0

[22:21:37.209]ÊÕ¡û¡ôget IO STATUS 0

[22:21:37.220]ÊÕ¡û¡ôget IO STATUS 0
get IO STATUS 0

[22:21:37.240]ÊÕ¡û¡ôget IO STATUS 0
get IO STATUS 0

[22:21:37.259]ÊÕ¡û¡ôget IO STATUS 0

[22:21:37.270]ÊÕ¡û¡ôget IO STATUS 0
get IO STATUS 0

[22:21:37.289]ÊÕ¡û¡ôget IO STATUS 0

[22:21:37.300]ÊÕ¡û¡ôget IO STATUS 0
get IO STATUS 0

[22:21:37.319]ÊÕ¡û¡ôget IO STATUS 0

[22:21:37.330]ÊÕ¡û¡ôget IO STATUS 0
get IO STATUS 0

[22:21:37.350]ÊÕ¡û¡ôget IO STATUS 0
get IO STATUS 0

[22:21:37.369]ÊÕ¡û¡ôget IO STATUS 0

[22:21:37.380]ÊÕ¡û¡ôget IO STATUS 0
get IO STATUS 0

[22:21:37.399]ÊÕ¡û¡ôget IO STATUS 0

[22:21:37.410]ÊÕ¡û¡ôget IO STATUS 0
get IO STATUS 0

[22:21:37.428]ÊÕ¡û¡ôget IO STATUS 0

[22:21:37.439]ÊÕ¡û¡ôget IO STATUS 0
get IO STATUS 0

[22:21:37.459]ÊÕ¡û¡ôget IO STATUS 0
get IO STATUS 0

[22:21:37.480]ÊÕ¡û¡ôget IO STATUS 0

[22:21:37.489]ÊÕ¡û¡ôget IO STATUS 0
get IO STATUS 0

[22:21:37.511]ÊÕ¡û¡ôget IO STATUS 0

[22:21:37.519]ÊÕ¡û¡ôget IO STATUS 0
get IO STATUS 0

[22:21:37.539]ÊÕ¡û¡ôget IO STATUS 0

[22:21:37.550]ÊÕ¡û¡ôget IO STATUS 0
get IO STATUS 0

[22:21:37.570]ÊÕ¡û¡ôget IO STATUS 0
get IO STATUS 0

[22:21:37.589]ÊÕ¡û¡ôget IO STATUS 0

[22:21:37.600]ÊÕ¡û¡ôget IO STATUS 0
get IO STATUS 0

[22:21:37.619]ÊÕ¡û¡ôget IO STATUS 0

[22:21:37.630]ÊÕ¡û¡ôget IO STATUS 0
get IO STATUS 0

[22:21:37.649]ÊÕ¡û¡ôget IO STATUS 0

[22:21:37.660]ÊÕ¡û¡ôget IO STATUS 0
get IO STATUS 0

[22:21:37.678]ÊÕ¡û¡ôget IO STATUS 0
get IO STATUS 0

[22:21:37.700]ÊÕ¡û¡ôget IO STATUS 0

[22:21:37.710]ÊÕ¡û¡ôget IO STATUS 0
get IO STATUS 0

[22:21:37.728]ÊÕ¡û¡ôget IO STATUS 0

[22:21:37.739]ÊÕ¡û¡ôget IO STATUS 0
get IO STATUS 0

[22:21:37.759]ÊÕ¡û¡ôget IO STATUS 0

[22:21:37.770]ÊÕ¡û¡ôget IO STATUS 0
get IO STATUS 0

[22:21:37.790]ÊÕ¡û¡ôget IO STATUS 0
get IO STATUS 0

[22:21:37.809]ÊÕ¡û¡ôget IO STATUS 0

[22:21:37.820]ÊÕ¡û¡ôget IO STATUS 0

[22:21:37.830]ÊÕ¡û¡ôget IO STATUS 0
get IO STATUS 0

[22:21:37.850]ÊÕ¡û¡ôget IO STATUS 0
get IO STATUS 0

[22:21:37.869]ÊÕ¡û¡ôget IO STATUS 0

[22:21:37.878]ÊÕ¡û¡ôget IO STATUS 0
get IO STATUS 0

[22:21:37.900]ÊÕ¡û¡ôget IO STATUS 0

[22:21:37.908]ÊÕ¡û¡ôget IO STATUS 0
get IO STATUS 0

[22:21:37.930]ÊÕ¡û¡ôget IO STATUS 0
get IO STATUS 0

[22:21:37.950]ÊÕ¡û¡ôget IO STATUS 0

[22:21:37.960]ÊÕ¡û¡ôget IO STATUS 0
get IO STATUS 0

[22:21:37.978]ÊÕ¡û¡ôget IO STATUS 0

[22:21:37.989]ÊÕ¡û¡ôget IO STATUS 0
get IO STATUS 0

[22:21:38.010]ÊÕ¡û¡ôget IO STATUS 0

[22:21:38.020]ÊÕ¡û¡ôget IO STATUS 0
get IO STATUS 0

[22:21:38.040]ÊÕ¡û¡ôget IO STATUS 0

[22:21:38.049]ÊÕ¡û¡ôget IO STATUS 0
get IO STATUS 0

[22:21:38.068]ÊÕ¡û¡ôget IO STATUS 0
get IO STATUS 0

[22:21:38.089]ÊÕ¡û¡ôget IO STATUS 0

[22:21:38.098]ÊÕ¡û¡ôget IO STATUS 0
get IO STATUS 0

[22:21:38.120]ÊÕ¡û¡ôget IO STATUS 0

[22:21:38.129]ÊÕ¡û¡ôget IO STATUS 0
get IO STATUS 0

[22:21:38.150]ÊÕ¡û¡ôget IO STATUS 0

[22:21:38.159]ÊÕ¡û¡ôget IO STATUS 0
get IO STATUS 0

[22:21:38.178]ÊÕ¡û¡ôget IO STATUS 0

[22:21:38.189]ÊÕ¡û¡ôget IO STATUS 0
get IO STATUS 0

[22:21:38.208]ÊÕ¡û¡ôget IO STATUS 0
get IO STATUS 0

[22:21:38.228]ÊÕ¡û¡ôget IO STATUS 0

[22:21:38.239]ÊÕ¡û¡ôget IO STATUS 0
get IO STATUS 0

[22:21:38.259]ÊÕ¡û¡ôget IO STATUS 0

[22:21:38.270]ÊÕ¡û¡ôget IO STATUS 0
get IO STATUS 0

[22:21:38.289]ÊÕ¡û¡ôget IO STATUS 0

[22:21:38.300]ÊÕ¡û¡ôget IO STATUS 0
get IO STATUS 0

[22:21:38.320]ÊÕ¡û¡ôget IO STATUS 0

[22:21:38.330]ÊÕ¡û¡ôget IO STATUS 0
get IO STATUS 0

[22:21:38.350]ÊÕ¡û¡ôget IO STATUS 0
get IO STATUS 0

[22:21:38.369]ÊÕ¡û¡ôget IO STATUS 0

[22:21:38.381]ÊÕ¡û¡ôget IO STATUS 0
get IO STATUS 0

[22:21:38.400]ÊÕ¡û¡ôget IO STATUS 0

[22:21:38.408]ÊÕ¡û¡ôget IO STATUS 0
get IO STATUS 0

[22:21:38.428]ÊÕ¡û¡ôget IO STATUS 0

[22:21:38.439]ÊÕ¡û¡ôget IO STATUS 0
get IO STATUS 0

[22:21:38.459]ÊÕ¡û¡ôget IO STATUS 0
get IO STATUS 0

[22:21:38.478]ÊÕ¡û¡ôget IO STATUS 0

[22:21:38.489]ÊÕ¡û¡ôget IO STATUS 0
get IO STATUS 0

[22:21:38.509]ÊÕ¡û¡ôget IO STATUS 0

[22:21:38.519]ÊÕ¡û¡ôget IO STATUS 0
get IO STATUS 0

[22:21:38.539]ÊÕ¡û¡ôget IO STATUS 0

[22:21:38.550]ÊÕ¡û¡ôget IO STATUS 0
get IO STATUS 0

[22:21:38.570]ÊÕ¡û¡ôget IO STATUS 0
get IO STATUS 0

[22:21:38.589]ÊÕ¡û¡ôget IO STATUS 0

[22:21:38.600]ÊÕ¡û¡ôget IO STATUS 0
get IO STATUS 0

[22:21:38.620]ÊÕ¡û¡ôget IO STATUS 0

[22:21:38.630]ÊÕ¡û¡ôget IO STATUS 0
get IO STATUS 0

[22:21:38.649]ÊÕ¡û¡ôget IO STATUS 0

[22:21:38.660]ÊÕ¡û¡ôget IO STATUS 0
get IO STATUS 0

[22:21:38.680]ÊÕ¡û¡ôget IO STATUS 0
get IO STATUS 0

[22:21:38.699]ÊÕ¡û¡ôget IO STATUS 0

[22:21:38.710]ÊÕ¡û¡ôget IO STATUS 0
get IO STATUS 0

[22:21:38.730]ÊÕ¡û¡ôget IO STATUS 0

[22:21:38.739]ÊÕ¡û¡ôget IO STATUS 0
get IO STATUS 0

[22:21:38.759]ÊÕ¡û¡ôget IO STATUS 0

[22:21:38.769]ÊÕ¡û¡ôget IO STATUS 0
get IO STATUS 0

[22:21:38.789]ÊÕ¡û¡ôget IO STATUS 0

[22:21:38.800]ÊÕ¡û¡ôget IO STATUS 0
get IO STATUS 0

[22:21:38.819]ÊÕ¡û¡ôget IO STATUS 0

[22:21:38.830]ÊÕ¡û¡ôget IO STATUS 0
get IO STATUS 0

[22:21:38.850]ÊÕ¡û¡ôget IO STATUS 0
get IO STATUS 0

[22:21:38.869]ÊÕ¡û¡ôget IO STATUS 0

[22:21:38.878]ÊÕ¡û¡ôget IO STATUS 0
get IO STATUS 0

[22:21:38.900]ÊÕ¡û¡ôget IO STATUS 0

[22:21:38.908]ÊÕ¡û¡ôget IO STATUS 0
get IO STATUS 0

[22:21:38.930]ÊÕ¡û¡ôget IO STATUS 0
get IO STATUS 0

[22:21:38.950]ÊÕ¡û¡ôget IO STATUS 0

[22:21:38.960]ÊÕ¡û¡ôget IO STATUS 0
get IO STATUS 0

[22:21:38.978]ÊÕ¡û¡ôget IO STATUS 0

[22:21:38.989]ÊÕ¡û¡ôget IO STATUS 0
get IO STATUS 0

[22:21:39.009]ÊÕ¡û¡ôget IO STATUS 0

[22:21:39.020]ÊÕ¡û¡ôget IO STATUS 0
get IO STATUS 0

[22:21:39.039]ÊÕ¡û¡ôget IO STATUS 0

[22:21:39.050]ÊÕ¡û¡ôget IO STATUS 0
get IO STATUS 0

[22:21:39.070]ÊÕ¡û¡ôget IO STATUS 0
get IO STATUS 1

[22:21:39.090]ÊÕ¡û¡ôget IO STATUS 1

[22:21:39.099]ÊÕ¡û¡ôget IO STATUS 1
get IO STATUS 1

[22:21:39.118]ÊÕ¡û¡ôget IO STATUS 1

[22:21:39.129]ÊÕ¡û¡ôget IO STATUS 1
get IO STATUS 1

[22:21:39.148]ÊÕ¡û¡ôget IO STATUS 1

[22:21:39.159]ÊÕ¡û¡ôget IO STATUS 1
get IO STATUS 1

[22:21:39.179]ÊÕ¡û¡ôget IO STATUS 1

[22:21:39.190]ÊÕ¡û¡ôget IO STATUS 1
get IO STATUS 1

[22:21:39.209]ÊÕ¡û¡ôget IO STATUS 1
get IO STATUS 1

[22:21:39.228]ÊÕ¡û¡ôget IO STATUS 1

[22:21:39.239]ÊÕ¡û¡ôget IO STATUS 1
get IO STATUS 1

[22:21:39.258]ÊÕ¡û¡ôget IO STATUS 1

[22:21:39.269]ÊÕ¡û¡ôget IO STATUS 1
get IO STATUS 1

[22:21:39.289]ÊÕ¡û¡ôget IO STATUS 1

[22:21:39.300]ÊÕ¡û¡ôget IO STATUS 1
get IO STATUS 1

[22:21:39.320]ÊÕ¡û¡ôget IO STATUS 1
get IO STATUS 1

[22:21:39.339]ÊÕ¡û¡ôget IO STATUS 1

[22:21:39.350]ÊÕ¡û¡ôget IO STATUS 0
get IO STATUS 0

[22:21:39.369]ÊÕ¡û¡ôget IO STATUS 0

[22:21:39.378]ÊÕ¡û¡ôget IO STATUS 0
get IO STATUS 0

[22:21:39.400]ÊÕ¡û¡ôget IO STATUS 0

[22:21:39.409]ÊÕ¡û¡ôget IO STATUS 0
get IO STATUS 0

[22:21:39.428]ÊÕ¡û¡ôget IO STATUS 0

[22:21:39.439]ÊÕ¡û¡ôget IO STATUS 0
get IO STATUS 0

[22:21:39.458]ÊÕ¡û¡ôget IO STATUS 0
get IO STATUS 0

[22:21:39.480]ÊÕ¡û¡ôget IO STATUS 0

[22:21:39.489]ÊÕ¡û¡ôget IO STATUS 0
get IO STATUS 0

[22:21:39.510]ÊÕ¡û¡ôget IO STATUS 0

[22:21:39.519]ÊÕ¡û¡ôget IO STATUS 0
get IO STATUS 0

[22:21:39.539]ÊÕ¡û¡ôget IO STATUS 0

[22:21:39.550]ÊÕ¡û¡ôget IO STATUS 0
get IO STATUS 0

[22:21:39.570]ÊÕ¡û¡ôget IO STATUS 0

[22:21:39.580]ÊÕ¡û¡ôget IO STATUS 0
get IO STATUS 0

[22:21:39.599]ÊÕ¡û¡ôget IO STATUS 0
get IO STATUS 0

[22:21:39.618]ÊÕ¡û¡ôget IO STATUS 0

[22:21:39.628]ÊÕ¡û¡ôget IO STATUS 0
get IO STATUS 0

[22:21:39.650]ÊÕ¡û¡ôget IO STATUS 0

[22:21:39.659]ÊÕ¡û¡ôget IO STATUS 0
get IO STATUS 0

[22:21:39.679]ÊÕ¡û¡ôget IO STATUS 0

[22:21:39.690]ÊÕ¡û¡ôget IO STATUS 0
get IO STATUS 0

[22:21:39.709]ÊÕ¡û¡ôget IO STATUS 0
get IO STATUS 0

[22:21:39.728]ÊÕ¡û¡ôget IO STATUS 0

[22:21:39.739]ÊÕ¡û¡ôget IO STATUS 0
get IO STATUS 0

[22:21:39.760]ÊÕ¡û¡ôget IO STATUS 0

[22:21:39.768]ÊÕ¡û¡ôget IO STATUS 0
get IO STATUS 0

[22:21:39.790]ÊÕ¡û¡ôget IO STATUS 0
get IO STATUS 0

[22:21:39.809]ÊÕ¡û¡ôget IO STATUS 0

[22:21:39.820]ÊÕ¡û¡ôget IO STATUS 0
get IO STATUS 0

[22:21:39.839]ÊÕ¡û¡ôget IO STATUS 0

[22:21:39.850]ÊÕ¡û¡ôget IO STATUS 0
get IO STATUS 0

[22:21:39.870]ÊÕ¡û¡ôget IO STATUS 0

[22:21:39.879]ÊÕ¡û¡ôget IO STATUS 0
get IO STATUS 0

[22:21:39.900]ÊÕ¡û¡ôget IO STATUS 0

[22:21:39.908]ÊÕ¡û¡ôget IO STATUS 0
get IO STATUS 0

[22:21:39.928]ÊÕ¡û¡ôget IO STATUS 0
get IO STATUS 0

[22:21:39.950]ÊÕ¡û¡ôget IO STATUS 0

[22:21:39.958]ÊÕ¡û¡ôget IO STATUS 0
get IO STATUS 0

[22:21:39.978]ÊÕ¡û¡ôget IO STATUS 0

[22:21:39.989]ÊÕ¡û¡ôget IO STATUS 0
get IO STATUS 0

[22:21:40.009]ÊÕ¡û¡ôget IO STATUS 0

[22:21:40.020]ÊÕ¡û¡ôget IO STATUS 0
get IO STATUS 0

[22:21:40.039]ÊÕ¡û¡ôget IO STATUS 0

[22:21:40.050]ÊÕ¡û¡ôget IO STATUS 0
get IO STATUS 0

[22:21:40.069]ÊÕ¡û¡ôget IO STATUS 0
get IO STATUS 0

[22:21:40.089]ÊÕ¡û¡ôget IO STATUS 0

[22:21:40.100]ÊÕ¡û¡ôget IO STATUS 0
get IO STATUS 0

[22:21:40.119]ÊÕ¡û¡ôget IO STATUS 0

[22:21:40.128]ÊÕ¡û¡ôget IO STATUS 0
get IO STATUS 0

[22:21:40.149]ÊÕ¡û¡ôget IO STATUS 0

[22:21:40.160]ÊÕ¡û¡ôget IO STATUS 0
get IO STATUS 0

[22:21:40.178]ÊÕ¡û¡ôget IO STATUS 0

[22:21:40.189]ÊÕ¡û¡ôget IO STATUS 0
get IO STATUS 0

[22:21:40.208]ÊÕ¡û¡ôget IO STATUS 0
get IO STATUS 0

[22:21:40.228]ÊÕ¡û¡ôget IO STATUS 0

[22:21:40.239]ÊÕ¡û¡ôget IO STATUS 0
get IO STATUS 0

[22:21:40.258]ÊÕ¡û¡ôget IO STATUS 0

[22:21:40.269]ÊÕ¡û¡ôget IO STATUS 0
get IO STATUS 0

[22:21:40.289]ÊÕ¡û¡ôget IO STATUS 0

[22:21:40.300]ÊÕ¡û¡ôget IO STATUS 0
get IO STATUS 0

[22:21:40.319]ÊÕ¡û¡ôget IO STATUS 0
get IO STATUS 0

[22:21:40.339]ÊÕ¡û¡ôget IO STATUS 0

[22:21:40.350]ÊÕ¡û¡ôget IO STATUS 0
get IO STATUS 0

[22:21:40.369]ÊÕ¡û¡ôget IO STATUS 0

[22:21:40.380]ÊÕ¡û¡ôget IO STATUS 0
get IO STATUS 0

[22:21:40.399]ÊÕ¡û¡ôget IO STATUS 0

[22:21:40.410]ÊÕ¡û¡ôget IO STATUS 0
get IO STATUS 0

[22:21:40.428]ÊÕ¡û¡ôget IO STATUS 0
get IO STATUS 0

[22:21:40.450]ÊÕ¡û¡ôget IO STATUS 0

[22:21:40.458]ÊÕ¡û¡ôget IO STATUS 0
get IO STATUS 0

[22:21:40.478]ÊÕ¡û¡ôget IO STATUS 0

[22:21:40.489]ÊÕ¡û¡ôget IO STATUS 0
get IO STATUS 0

[22:21:40.508]ÊÕ¡û¡ôget IO STATUS 0

[22:21:40.519]ÊÕ¡û¡ôget IO STATUS 0
get IO STATUS 0

[22:21:40.539]ÊÕ¡û¡ôget IO STATUS 0

[22:21:40.550]ÊÕ¡û¡ôget IO STATUS 0
get IO STATUS 0

[22:21:40.569]ÊÕ¡û¡ôget IO STATUS 0
get IO STATUS 0

[22:21:40.589]ÊÕ¡û¡ôget IO STATUS 0

[22:21:40.600]ÊÕ¡û¡ôget IO STATUS 0
get IO STATUS 0

[22:21:40.619]ÊÕ¡û¡ôget IO STATUS 0

[22:21:40.628]ÊÕ¡û¡ôget IO STATUS 0
get IO STATUS 0

[22:21:40.650]ÊÕ¡û¡ôget IO STATUS 0

[22:21:40.659]ÊÕ¡û¡ôget IO STATUS 0
get IO STATUS 0

[22:21:40.680]ÊÕ¡û¡ôget IO STATUS 0
get IO STATUS 0

[22:21:40.700]ÊÕ¡û¡ôget IO STATUS 0

[22:21:40.708]ÊÕ¡û¡ôget IO STATUS 0
get IO STATUS 0

[22:21:40.729]ÊÕ¡û¡ôget IO STATUS 0

[22:21:40.739]ÊÕ¡û¡ôget IO STATUS 0
get IO STATUS 0

[22:21:40.759]ÊÕ¡û¡ôget IO STATUS 0

[22:21:40.770]ÊÕ¡û¡ôget IO STATUS 0
get IO STATUS 0

[22:21:40.789]ÊÕ¡û¡ôget IO STATUS 0

[22:21:40.800]ÊÕ¡û¡ôget IO STATUS 0
get IO STATUS 0

[22:21:40.819]ÊÕ¡û¡ôget IO STATUS 0
get IO STATUS 0

[22:21:40.839]ÊÕ¡û¡ôget IO STATUS 0

[22:21:40.850]ÊÕ¡û¡ôget IO STATUS 0
get IO STATUS 0

[22:21:40.869]ÊÕ¡û¡ôget IO STATUS 0

[22:21:40.878]ÊÕ¡û¡ôget IO STATUS 0
get IO STATUS 0

[22:21:40.900]ÊÕ¡û¡ôget IO STATUS 0

[22:21:40.908]ÊÕ¡û¡ôget IO STATUS 0
get IO STATUS 0

[22:21:40.930]ÊÕ¡û¡ôget IO STATUS 0
get IO STATUS 0

[22:21:40.950]ÊÕ¡û¡ôget IO STATUS 0

[22:21:40.959]ÊÕ¡û¡ôget IO STATUS 0
get IO STATUS 0

[22:21:40.978]ÊÕ¡û¡ôget IO STATUS 0

[22:21:40.989]ÊÕ¡û¡ôget IO STATUS 0
get IO STATUS 0

[22:21:41.009]ÊÕ¡û¡ôget IO STATUS 0

[22:21:41.020]ÊÕ¡û¡ôget IO STATUS 0
get IO STATUS 0

[22:21:41.039]ÊÕ¡û¡ôget IO STATUS 0

[22:21:41.050]ÊÕ¡û¡ôget IO STATUS 0
get IO STATUS 0

[22:21:41.069]ÊÕ¡û¡ôget IO STATUS 0
get IO STATUS 0

[22:21:41.089]ÊÕ¡û¡ôget IO STATUS 0

[22:21:41.100]ÊÕ¡û¡ôget IO STATUS 0
get IO STATUS 0

[22:21:41.119]ÊÕ¡û¡ôget IO STATUS 0

[22:21:41.128]ÊÕ¡û¡ôget IO STATUS 0
get IO STATUS 0

[22:21:41.150]ÊÕ¡û¡ôget IO STATUS 0

[22:21:41.159]ÊÕ¡û¡ôget IO STATUS 0
get IO STATUS 0

[22:21:41.178]ÊÕ¡û¡ôget IO STATUS 0

[22:21:41.189]ÊÕ¡û¡ôget IO STATUS 0
get IO STATUS 0

[22:21:41.209]ÊÕ¡û¡ôget IO STATUS 0
get IO STATUS 0

[22:21:41.229]ÊÕ¡û¡ôget IO STATUS 0

[22:21:41.239]ÊÕ¡û¡ôget IO STATUS 0
get IO STATUS 0

[22:21:41.259]ÊÕ¡û¡ôget IO STATUS 0

[22:21:41.270]ÊÕ¡û¡ôget IO STATUS 0
get IO STATUS 0

[22:21:41.290]ÊÕ¡û¡ôget IO STATUS 0
get IO STATUS 0

[22:21:41.309]ÊÕ¡û¡ôget IO STATUS 0

[22:21:41.320]ÊÕ¡û¡ôget IO STATUS 0
get IO STATUS 0

[22:21:41.339]ÊÕ¡û¡ôget IO STATUS 0

[22:21:41.350]ÊÕ¡û¡ôget IO STATUS 0
get IO STATUS 0

[22:21:41.369]ÊÕ¡û¡ôget IO STATUS 0

[22:21:41.378]ÊÕ¡û¡ôget IO STATUS 0
get IO STATUS 0

[22:21:41.398]ÊÕ¡û¡ôget IO STATUS 0

[22:21:41.409]ÊÕ¡û¡ôget IO STATUS 0
get IO STATUS 1

[22:21:41.428]ÊÕ¡û¡ôget IO STATUS 1

[22:21:41.439]ÊÕ¡û¡ôget IO STATUS 1
get IO STATUS 1
switch is 1

[22:21:41.458]ÊÕ¡û¡ôpwm1 out 100
pwm2 out 100
pwm2 out 100
get IO STATUS 1
get IO STATUS 1

[22:21:41.478]ÊÕ¡û¡ôget IO STATUS 1

[22:21:41.489]ÊÕ¡û¡ôget IO STATUS 1
get IO STATUS 1

[22:21:41.509]ÊÕ¡û¡ôget IO STATUS 1

[22:21:41.519]ÊÕ¡û¡ôget IO STATUS 0
get IO STATUS 0

[22:21:41.539]ÊÕ¡û¡ôget IO STATUS 0

[22:21:41.550]ÊÕ¡û¡ôget IO STATUS 0
get IO STATUS 0

[22:21:41.570]ÊÕ¡û¡ôget IO STATUS 0
get IO STATUS 0

[22:21:41.588]ÊÕ¡û¡ôget IO STATUS 0

[22:21:41.599]ÊÕ¡û¡ôget IO STATUS 0
get IO STATUS 0

[22:21:41.619]ÊÕ¡û¡ôget IO STATUS 0

[22:21:41.628]ÊÕ¡û¡ôget IO STATUS 0
get IO STATUS 0

[22:21:41.650]ÊÕ¡û¡ôget IO STATUS 0

[22:21:41.658]ÊÕ¡û¡ôget IO STATUS 0
get IO STATUS 0

[22:21:41.678]ÊÕ¡û¡ôget IO STATUS 0
get IO STATUS 0

[22:21:41.700]ÊÕ¡û¡ôget IO STATUS 0

[22:21:41.708]ÊÕ¡û¡ôget IO STATUS 0
get IO STATUS 0

[22:21:41.728]ÊÕ¡û¡ôget IO STATUS 0

[22:21:41.739]ÊÕ¡û¡ôget IO STATUS 0
get IO STATUS 0

[22:21:41.759]ÊÕ¡û¡ôget IO STATUS 0

[22:21:41.769]ÊÕ¡û¡ôget IO STATUS 0
get IO STATUS 0

[22:21:41.789]ÊÕ¡û¡ôget IO STATUS 0

[22:21:41.800]ÊÕ¡û¡ôget IO STATUS 0
get IO STATUS 0

[22:21:41.819]ÊÕ¡û¡ôget IO STATUS 0
get IO STATUS 0

[22:21:41.839]ÊÕ¡û¡ôget IO STATUS 0

[22:21:41.848]ÊÕ¡û¡ôget IO STATUS 0
get IO STATUS 0

[22:21:41.870]ÊÕ¡û¡ôget IO STATUS 0

[22:21:41.880]ÊÕ¡û¡ôget IO STATUS 0
get IO STATUS 0

[22:21:41.898]ÊÕ¡û¡ôget IO STATUS 0

[22:21:41.909]ÊÕ¡û¡ôget IO STATUS 0
get IO STATUS 0

[22:21:41.929]ÊÕ¡û¡ôget IO STATUS 0

[22:21:41.940]ÊÕ¡û¡ôget IO STATUS 0
get IO STATUS 0

[22:21:41.959]ÊÕ¡û¡ôget IO STATUS 0
get IO STATUS 0

[22:21:41.978]ÊÕ¡û¡ôget IO STATUS 0

[22:21:41.989]ÊÕ¡û¡ôget IO STATUS 0
get IO STATUS 0

[22:21:42.008]ÊÕ¡û¡ôget IO STATUS 0

[22:21:42.019]ÊÕ¡û¡ôget IO STATUS 0
get IO STATUS 0

[22:21:42.039]ÊÕ¡û¡ôget IO STATUS 0
get IO STATUS 0

[22:21:42.059]ÊÕ¡û¡ôget IO STATUS 0

[22:21:42.070]ÊÕ¡û¡ôget IO STATUS 0
get IO STATUS 0

[22:21:42.089]ÊÕ¡û¡ôget IO STATUS 0

[22:21:42.100]ÊÕ¡û¡ôget IO STATUS 0
get IO STATUS 0

[22:21:42.120]ÊÕ¡û¡ôget IO STATUS 0

[22:21:42.130]ÊÕ¡û¡ôget IO STATUS 0
get IO STATUS 0

[22:21:42.149]ÊÕ¡û¡ôget IO STATUS 0

[22:21:42.160]ÊÕ¡û¡ôget IO STATUS 0
get IO STATUS 0

[22:21:42.179]ÊÕ¡û¡ôget IO STATUS 0

[22:21:42.190]ÊÕ¡û¡ôget IO STATUS 0
get IO STATUS 0

[22:21:42.209]ÊÕ¡û¡ôget IO STATUS 0
get IO STATUS 0

[22:21:42.228]ÊÕ¡û¡ôget IO STATUS 0

[22:21:42.239]ÊÕ¡û¡ôget IO STATUS 0
get IO STATUS 0

[22:21:42.258]ÊÕ¡û¡ôget IO STATUS 0

[22:21:42.269]ÊÕ¡û¡ôget IO STATUS 0
get IO STATUS 0

[22:21:42.289]ÊÕ¡û¡ôget IO STATUS 0

[22:21:42.300]ÊÕ¡û¡ôget IO STATUS 0
get IO STATUS 0

[22:21:42.319]ÊÕ¡û¡ôget IO STATUS 0
get IO STATUS 0

[22:21:42.339]ÊÕ¡û¡ôget IO STATUS 0

[22:21:42.350]ÊÕ¡û¡ôget IO STATUS 0
get IO STATUS 0

[22:21:42.370]ÊÕ¡û¡ôget IO STATUS 0

[22:21:42.378]ÊÕ¡û¡ôget IO STATUS 0
get IO STATUS 0

[22:21:42.399]ÊÕ¡û¡ôget IO STATUS 0

[22:21:42.410]ÊÕ¡û¡ôget IO STATUS 0
get IO STATUS 0

[22:21:42.430]ÊÕ¡û¡ôget IO STATUS 0
get IO STATUS 0

[22:21:42.450]ÊÕ¡û¡ôget IO STATUS 0

[22:21:42.458]ÊÕ¡û¡ôget IO STATUS 0
get IO STATUS 0

[22:21:42.478]ÊÕ¡û¡ôget IO STATUS 0

[22:21:42.489]ÊÕ¡û¡ôget IO STATUS 0
get IO STATUS 0

[22:21:42.509]ÊÕ¡û¡ôget IO STATUS 0

[22:21:42.519]ÊÕ¡û¡ôget IO STATUS 0
get IO STATUS 0

[22:21:42.539]ÊÕ¡û¡ôget IO STATUS 0

[22:21:42.550]ÊÕ¡û¡ôget IO STATUS 0
get IO STATUS 0
