------  combo_mcu_basic_example  ------
TCP/IP initialized.
LAMP INIT TEST LN882H SDK Ver: 2.1_rc1 [build time:Oct 21 2024 15:09:14][0x02010001]
LAMP INIT 445 LAMP INIT OK
 GPIOB  STATUS:0
key init ok
MEM enter MagicLinkSDKRun [108992]
LAMP INIT OK ------  combo_mcu_basic_example  ------
TCP/IP initialized.
LAMP INIT TEST LN882H SDK Ver: 2.1_rc1 [build time:Oct 21 2024 15:09:14][0x02010001]
LAMP INIT 445 LAMP INIT OK
 GPIOB  STATUS:0
key init ok
MEM enter MagicLinkSDKRun [108992]
LAMP INIT OK ------  combo_mcu_basic_example  ------
TCP/IP initialized.
LAMP INIT TEST LN882H SDK Ver: 2.1_rc1 [build time:Oct 21 2024 15:09:14][0x02010001]
LAMP INIT 445 LAMP INIT OK
 GPIOB  STATUS:0
key init ok
MEM enter MagicLinkSDKRun [108992]
LAMP INIT OK 