=~=~=~=~=~=~=~=~=~=~=~= MobaXterm log 2024.09.29 16:16:42 =~=~=~=~=~=~=~=~=~=~=~=
0000747721|ConnectMsgProcessFunc|2338|[I]:running
0000750150|ConnectDispatchFunc|83|[I]:running
adc raw:  778, temp_IC:   28
Total:130644; Free:93872;
0000755150|ConnectDispatchFunc|83|[I]:running
------  combo_mcu_basic_example  ------
TCP/IP initialized.
LN882H SDK Ver: 2.1_rc1 [build time:Sep 29 2024 15:07:20][0x02010001]
no conn info
no sta info
MEM enter MagicLinkSDKRun [108088]
0000000002|MagicLinkComponentsInit|85|[I]:module:logcollect
0000000003|InitComponent|60|[I]:enable:logcollect
0000000003|InitComponent|64|[W]:no comp:logcollect
0000000004|MagicLinkInit|164|[I]:MAGICLINK_BUSINESS_MANAGER, MAGICLINK_INIT, 0
VER:IoTSDK_1.1.0.344_20240413_test_debug, TM:Apr 13 2024 14:57:17

0000------  combo_mcu_basic_example  ------
TCP/IP initialized.
LN882H SDK Ver: 2.1_rc1 [build time:Sep 29 2024 15:07:20][0x02010001]
no conn info
no sta info
MEM enter MagicLinkSDKRun [108088]
0000000002|MagicLinkComponentsInit|85|[I]:module:logcollect
0000000003|InitComponent|60|[I]:enable:logcollect
0000000003|InitComponent|64|[W]:no comp:logcollect
0000000004|MagicLinkInit|164|[I]:MAGICLINK_BUSINESS_MANAGER, MAGICLINK_INIT, 0
VER:IoTSDK_1.1.0.344_20240413_test_debug, TM:Apr 13 2024 14:57:17

0000000015|MagicLinkParsePropertyList|207|[I]:succ svc:baseInfo, access:0
0000000016|MagicLinkParseActionList|328|[I]:no actionList
0000000017|MagicLinkParsePropertyList|207|[I]:succ svc:deviceInfo, access:7
0000000018|MagicLinkParseActionList|328|[I]:no actionList
0000000019|MagicLinkParsePropertyList|207|[I]:succ svc:netInfo, access:5
0000000019|MagicLinkParseActionList|328|[I]:no actionList
0000000020|MagicLinkParsePropertyList|207|[I]:succ svc:ota, access:7
0000000021|MagicLinkParseAction|297|[W]:no inDataList
0000000022|MagicLinkParseAction|310|[W]:no outDataList
0000000023|MagicLinkParseAction|297|[W]:no inDataList
0000000023|MagicLinkParseAction|310|[W]:no outDataList
0000000024|MagicLinkParsePropertyList|207|[I]:succ svc:timerCountdown, access:0
0000000025|MagicLinkParseActionList|328|[I]:no actionList
0000000026|MagicLinkParsePropertyList|207|[I]:succ svc:light, access:7
0000000027|MagicLinkParseActionList|328|[I]:no actionList
0000000028|MagicLinkParsePropertyList|207|[I]:succ svc:duration, access:3
0000000028|MagicLinkParseActionList|328|[I]:no actionList
0000000032|ModelParseJson|181|[I]:MAGICLINK_BUSINESS_MANAGER, MAGICLINK_PROFILE_PARSE, 0
0000000033|NetworkManagementInit|1658|[W]:succ
0000000034|NetworkInit|70|[I]:succ
0000000034|DiscoveryInit|556|[I]:succ
0000000035|TransmissionInit|40|[I]:succ
0000000035|CloudLinkMqttInit|1092|[I]:succ
0000000036|ConnectRegRecvPacket|392|[I]:add:1 succ
0000000036|ConnectRegSendPacket|361|[I]:add:1 succ
0000000037|ConnectMsgProcessInit|2631|[E]:sem init
0000000038|ConnectInit|549|[I]:succ
0000000039|MagicLinkComponentsInit|85|[I]:module:p2p
0000000039|InitComponent|60|[I]:enable:p2p
0000000040|InitComponent|64|[W]:no comp:p2p
0000000040|MagicLinkComponentsInit|85|[I]:module:blenetcfg
0000000041|InitComponent|60|[I]:enable:blenetcfg
0000000042|ConnectRegSendPacket|361|[I]:add:3 succ
0000000042|MagicLinkComponentsInit|85|[I]:module:coapconnect
0000000043|InitComponent|60|[I]:enable:coapconnect
udp_bind(ipaddr = 0.0.0.0, port = 5683)
0000000045|ConnectRegSendPacket|361|[I]:add:2 succ
0000000045|ConnectRegRecvPacket|392|[I]:add:2 succ
0000000046|NetworkSetItemValueByStr|929|[E]:inv dst:prdName
0000000047|ModelSetBaseInfoToNetwork|238|[E]:set item:baseInfo:prdName
0000000047|NetworkSetItemValueByStr|929|[E]:inv dst:manufactureName
0000000048|ModelSetBaseInfoToNetwork|238|[E]:set item:baseInfo:manufactureName
0000000049|NetworkSetItemValueByStr|929|[E]:inv dst:prdTypeName
0000000050|ModelSetBaseInfoToNetwork|238|[E]:set item:baseInfo:prdTypeName
0000000051|NetworkSetItemValueByStr|929|[E]:inv dst:modelId
0000000052|ModelSetBaseInfoToNetwork|238|[E]:set item:baseInfo:modelId
0000000052|NetworkSetItemValueByStr|929|[E]:inv dst:offeringCode
0000000053|ModelSetBaseInfoToNetwork|238|[E]:set item:baseInfo:offeringCode
0000000054|NetworkSetItemValueByStr|929|[E]:inv dst:prdSubTypeId
0000000055|ModelSetBaseInfoToNetwork|238|[E]:set item:baseInfo:prdSubTypeId
0000000056|NetworkSetItemValueByStr|929|[E]:inv dst:prdSubTypeName
0000000057|ModelSetBaseInfoToNetwork|238|[E]:set item:baseInfo:prdSubTypeName
0000000058|NetworkSetItemValueByStr|929|[E]:inv dst:qrScanMode
0000000058|ModelSetBaseInfoToNetwork|238|[E]:set item:baseInfo:qrScanMode
0000000059|ModelSetDevInfoToNetwork|277|[E]:no data:deviceInfo:udid
0000000060|NetworkSetItemValueByStr|929|[E]:inv dst:devName
0000000061|ModelSetDevInfoToNetwork|290|[E]:set item:deviceInfo:devName
firmVer:1.0.0.201
0000000062|ModelSetDevInfoToNetwork|272|[E]:set:deviceInfo:sdkVersion
0000000063|ModelSetDevInfoToNetwork|277|[E]:no data:deviceInfo:MCUVersion
0000000093|MagicLinkHuksHalRegister|243|[I]:succ
0000000094|ConfigHeaderConfirm|236|[E]:cfg empty
0000000095|ConfigRead|278|[E]:header
0000000095|ConfigHeaderConfirm|236|[E]:cfg empty
0000000096|ConfigRead|278|[E]:header
0000000097|MagicLinkSafeConfigRead|434|[I]:cfg empty
0000000098|ReadRegisterResultData|1466|[E]:cfg read
0000000098|MagicLinkNetworkUpdateRegResult|2059|[W]:no reg ret
0000000099|MagicLinkComponentsInit|85|[I]:module:netcfg
0000000100|InitComponent|60|[I]:enable:netcfg
0000000100|OnRegSessionServerRestart|1216|[I]:succ reg cb:hihonor.magiclinksdk,netCfg
0000000101|NetCfgInit|739|[I]:succ
0000000102|MagicLinkComponentsInit|85|[I]:module:register
0000000103|InitComponent|60|[I]:enable:register
0000000103|CheckRegisterEmpty|1784|[W]:dev unregister
0000000104|MagicLinkParseAction|297|[W]:no inDataList
0000000105|MagicLinkParseAction|310|[W]:no outDataList
0000000106|MagicLinkParseAction|297|[W]:no inDataList
0000000106|MagicLinkParseAction|310|[W]:no outDataList
0000000107|OnCreateSessionServer|1154|[I]:succ create server:hihonor.magiclinksdk,register
0000000108|StartRegister|2170|[I]:start:0
0000000109|ConfigHeaderConfirm|236|[E]:cfg empty
0000000110|ConfigRead|278|[E]:header
0000000110|ConfigHeaderConfirm|236|[E]:cfg empty
0000000111|ConfigRead|278|[E]:header
0000000112|MagicLinkSafeConfigRead|434|[I]:cfg empty
0000000113|ReadRegisterData|1606|[E]:read cfg
0000000113|ReadRegisterData|1608|[E]:MAGICLINK_CONFIG, MAGICLINK_READ_REGINFO_FAIL, -1
0000000114|StartRegister|2182|[W]:no reg info
0000000115|RegisterInit|2042|[I]:succ
0000000115|MagicLinkComponentsInit|85|[I]:module:control
0000000116|InitComponent|60|[I]:enable:control
0000000117|OnCreateSessionServer|1154|[I]:succ create server:hihonor.magiclinksdk,control
0000000118|MagicLinkComponentsInit|85|[I]:module:ota
0000000118|InitComponent|60|[I]:enable:ota
0000000119|MagicLinkOtaFuncInit|103|[I]:init
0000000120|OtaInit|3516|[I]:succ
0000000120|MagicLinkComponentsInit|85|[I]:module:bi
0000000121|InitComponent|60|[I]:enable:bi
0000000121|InitComponent|64|[W]:no comp:bi
0000000122|MagicLinkComponentsInit|85|[I]:module:magiclinkactive
0000000122|InitComponent|60|[I]:enable:magiclinkactive
0000000123|InitComponent|64|[W]:no comp:magiclinkactive
0000000124|MagicLinkComponentsInit|85|[I]:module:netparamsync
0000000125|InitComponent|60|[I]:enable:netparamsync
0000000125|InitComponent|64|[W]:no comp:netparamsync
0000000126|CheckRegisterEmpty|1784|[W]:dev unregister
0000000126|ExtComponentsMngtInit|108|[I]:not reg
0000000127|SetLocalInfo|93|[I]:not reg
0000000128|MagicLinkInit|235|[W]:succ
0000000128|MagicLinkFastOffline|1827|[I]:fast offline
0000000129|MagicLinkFastOffline|1829|[I]:already offline
[low_level_output, 70] netif is not link up.
[low_level_output, 70] netif is not link up.
[low_level_output, 70] netif is not link up.
[low_level_output, 70] netif is not link up.
0000002129|NetCfgStart|622|[I]:start
0000002129|WifiInit|134|[I]:INIT DONE
0000002130|OnRemoveSessionServer|1169|[I]:succ rm server:hihonor.magiclinksdk,netCfg
0000002131|OnCreateSessionServer|1154|[I]:succ create server:hihonor.magiclinksdk,netCfg
0000002132|MagicLinkParseAction|297|[W]:no inDataList
0000002133|MagicLinkParseAction|310|[W]:no outDataList
0000002134|MagicLinkParseAction|297|[W]:no inDataList
0000002134|MagicLinkParseAction|310|[W]:no outDataList
0000002135|MagicLinkParseAction|297|[W]:no inDataList
0000002136|MagicLinkParseAction|310|[W]:no outDataList
0000002136|NetcfgGetTimeout|210|[I]:timeout:10
0000002137|DiscoveryAddPublishInfo|117|[I]:succ
0000002138|PublishService|115|[I]:BLE adv start
[BLIB_I]BLIB Ver: 1.0.5 [build time:Mar 16 2024 21:17:13][0x010005ff][for custom-imou Commit 2cda23ab]
0000002141|BleStackInit|275|[I]:ble roal 1                      init suc
0000002142|ProcGattReg|566|[I]:reg:0
0000002143|AddGattDescriptor|349|[I]:add default desc
0000002143|AddGattDescriptor|349|[I]:add default desc
0000002144|ProcGattAddSvc|590|[I]:add svc:0, svc handle:0, char handle:16
0000002146|ProcGapStartAdv|341|[I]:start adv:0
0000002147|StartAdv|537|[I]:adv suc
0000002147|ModelNotifyStatus|448|[I]:status:100
current status is 100
STATUS_NETCFG_ENTER
MEM Start demo [88104]
0000005149|ConnectDispatchFunc|83|[I]:running
0000009869|ConnectMsgProcessFunc|2338|[I]:running
0000010149|ConnectDispatchFunc|83|[I]:running
0000015149|ConnectDispatchFunc|83|[I]:running
0000019569|ConnectMsgProcessFunc|2338|[I]:running
0000020149|ConnectDispatchFunc|83|[I]:running
0000025149|ConnectDispatchFunc|83|[I]:running
